A MET    1  0.5231    0.000 1.00
A MET    2  0.7248    0.000 1.00
A GLU    3  0.6508    0.000 1.00
A PHE    4  0.6171    0.000 1.00
A THR    5  0.7910    0.000 1.00
A ILE    6  0.6168    0.000 1.00
A LYS    7  0.7008    0.000 1.00
A ARG    8  0.7189    0.000 1.00
A ASP    9  0.7627    0.000 1.00
A TYR   10  0.5506    0.000 1.00
A PHE   11  0.6659    0.000 1.00
A ILE   12  0.7918    0.000 1.00
A THR   13  0.8263    0.000 1.00
A GLN   14  0.7832    0.000 1.00
A LEU   15  0.7186    0.000 1.00
A ASN   16  0.7489    0.000 1.00
A ASP   17  0.7448    0.000 1.00
A THR   18  0.7905    0.000 1.00
A LEU   19  0.7431    0.000 1.00
A LYS   20  0.7743    0.000 1.00
A ALA   21  0.7580    0.000 1.00
A ILE   22  0.7446    0.000 1.00
A SER   23  0.7435    0.000 1.00
A PRO   24  0.7888    0.000 1.00
A ARG   25  0.6278    0.000 1.00
A THR   26  0.6737    0.000 1.00
A THR   27  0.7446    0.000 1.00
A LEU   28  0.6925    0.000 1.00
A PRO   29  0.7538    0.000 1.00
A ILE   30  0.7862    0.000 1.00
A LEU   31  0.7709    0.000 1.00
A THR   32  0.7231    0.000 1.00
A GLY   33  0.7673    0.000 1.00
A ILE   34  0.7903    0.000 1.00
A LYS   35  0.5555    0.000 1.00
A ILE   36  0.7107    0.000 1.00
A ASP   37  0.6948    0.000 1.00
A ALA   38  0.6347    0.000 1.00
A LYS   39  0.6194    0.000 1.00
A GLU   40  0.6122    0.000 1.00
A HIS   41  0.6205    0.000 1.00
A GLU   42  0.6933    0.000 1.00
A VAL   43  0.7619    0.000 1.00
A ILE   44  0.7556    0.000 1.00
A LEU   45  0.7712    0.000 1.00
A THR   46  0.6367    0.000 1.00
A GLY   47  0.7511    0.000 1.00
A SER   48  0.7209    0.000 1.00
A ASP   49  0.6995    0.000 1.00
A SER   50  0.8226    0.000 1.00
A GLU   51  0.7006    0.000 1.00
A ILE   52  0.7292    0.000 1.00
A SER   53  0.7893    0.000 1.00
A ILE   54  0.8151    0.000 1.00
A GLU   55  0.7338    0.000 1.00
A ILE   56  0.7605    0.000 1.00
A THR   57  0.7992    0.000 1.00
A ILE   58  0.7536    0.000 1.00
A PRO   59  0.8237    0.000 1.00
A LYS   60  0.6532    0.000 1.00
A THR   61  0.7741    0.000 1.00
A VAL   62  0.6259    0.000 1.00
A ASP   63  0.7761    0.000 1.00
A GLY   64  0.7979    0.000 1.00
A GLU   65  0.6069    0.000 1.00
A ASP   66  0.5988    0.000 1.00
A ILE   67  0.5419    0.000 1.00
A VAL   68  0.7444    0.000 1.00
A ASN   69  0.7592    0.000 1.00
A ILE   70  0.6712    0.000 1.00
A SER   71  0.7518    0.000 1.00
A GLU   72  0.5677    0.000 1.00
A THR   73  0.7354    0.000 1.00
A GLY   74  0.7746    0.000 1.00
A SER   75  0.7500    0.000 1.00
A VAL   76  0.7765    0.000 1.00
A VAL   77  0.7428    0.000 1.00
A LEU   78  0.7982    0.000 1.00
A PRO   79  0.8297    0.000 1.00
A GLY   80  0.8550    0.000 1.00
A ARG   81  0.6487    0.000 1.00
A PHE   82  0.7722    0.000 1.00
A PHE   83  0.7255    0.000 1.00
A VAL   84  0.7355    0.000 1.00
A ASP   85  0.6956    0.000 1.00
A ILE   86  0.7304    0.000 1.00
A ILE   87  0.6172    0.000 1.00
A LYS   88  0.7923    0.000 1.00
A LYS   89  0.5968    0.000 1.00
A LEU   90  0.6347    0.000 1.00
A PRO   91  0.7046    0.000 1.00
A GLY   92  0.7584    0.000 1.00
A LYS   93  0.6575    0.000 1.00
A ASP   94  0.7307    0.000 1.00
A VAL   95  0.7734    0.000 1.00
A LYS   96  0.6671    0.000 1.00
A LEU   97  0.7252    0.000 1.00
A SER   98  0.7841    0.000 1.00
A THR   99  0.7649    0.000 1.00
A ASN  100  0.6183    0.000 1.00
A GLU  101  0.5459    0.000 1.00
A GLN  102  0.6805    0.000 1.00
A PHE  103  0.6413    0.000 1.00
A GLN  104  0.7446    0.000 1.00
A THR  105  0.8240    0.000 1.00
A LEU  106  0.7290    0.000 1.00
A ILE  107  0.8195    0.000 1.00
A THR  108  0.7568    0.000 1.00
A SER  109  0.7108    0.000 1.00
A GLY  110  0.8206    0.000 1.00
A HIS  111  0.6378    0.000 1.00
A SER  112  0.6732    0.000 1.00
A GLU  113  0.6201    0.000 1.00
A PHE  114  0.6377    0.000 1.00
A ASN  115  0.7286    0.000 1.00
A LEU  116  0.7507    0.000 1.00
A SER  117  0.7934    0.000 1.00
A GLY  118  0.7766    0.000 1.00
A LEU  119  0.6455    0.000 1.00
A ASP  120  0.6942    0.000 1.00
A PRO  121  0.6853    0.000 1.00
A ASP  122  0.7477    0.000 1.00
A GLN  123  0.6453    0.000 1.00
A TYR  124  0.5311    0.000 1.00
A PRO  125  0.6694    0.000 1.00
A LEU  126  0.8073    0.000 1.00
A LEU  127  0.6712    0.000 1.00
A PRO  128  0.7541    0.000 1.00
A GLN  129  0.4922    0.000 1.00
A VAL  130  0.5471    0.000 1.00
A SER  131  0.7033    0.000 1.00
A ARG  132  0.6024    0.000 1.00
A ASP  133  0.7110    0.000 1.00
A ASP  134  0.6481    0.000 1.00
A ALA  135  0.7265    0.000 1.00
A ILE  136  0.6933    0.000 1.00
A GLN  137  0.6368    0.000 1.00
A LEU  138  0.7822    0.000 1.00
A SER  139  0.8229    0.000 1.00
A VAL  140  0.7610    0.000 1.00
A LYS  141  0.7427    0.000 1.00
A VAL  142  0.7725    0.000 1.00
A LEU  143  0.7130    0.000 1.00
A LYS  144  0.6972    0.000 1.00
A ASN  145  0.6806    0.000 1.00
A VAL  146  0.7226    0.000 1.00
A ILE  147  0.7370    0.000 1.00
A ALA  148  0.8167    0.000 1.00
A GLN  149  0.6672    0.000 1.00
A THR  150  0.8179    0.000 1.00
A ASN  151  0.6681    0.000 1.00
A PHE  152  0.5818    0.000 1.00
A ALA  153  0.7846    0.000 1.00
A VAL  154  0.7639    0.000 1.00
A SER  155  0.7668    0.000 1.00
A THR  156  0.7983    0.000 1.00
A SER  157  0.7514    0.000 1.00
A GLU  158  0.7605    0.000 1.00
A THR  159  0.7831    0.000 1.00
A ARG  160  0.5903    0.000 1.00
A PRO  161  0.7325    0.000 1.00
A VAL  162  0.7671    0.000 1.00
A LEU  163  0.7127    0.000 1.00
A THR  164  0.7364    0.000 1.00
A GLY  165  0.7820    0.000 1.00
A VAL  166  0.7996    0.000 1.00
A ASN  167  0.7359    0.000 1.00
A TRP  168  0.6701    0.000 1.00
A LEU  169  0.6921    0.000 1.00
A ILE  170  0.6694    0.000 1.00
A GLN  171  0.5836    0.000 1.00
A GLU  172  0.6582    0.000 1.00
A ASN  173  0.7252    0.000 1.00
A GLU  174  0.6724    0.000 1.00
A LEU  175  0.7261    0.000 1.00
A ILE  176  0.6324    0.000 1.00
A CYS  177  0.7259    0.000 1.00
A THR  178  0.6945    0.000 1.00
A ALA  179  0.7232    0.000 1.00
A THR  180  0.6783    0.000 1.00
A ASP  181  0.7332    0.000 1.00
A SER  182  0.7781    0.000 1.00
A HIS  183  0.7126    0.000 1.00
A ARG  184  0.6028    0.000 1.00
A LEU  185  0.6000    0.000 1.00
A ALA  186  0.7334    0.000 1.00
A VAL  187  0.7028    0.000 1.00
A ARG  188  0.5658    0.000 1.00
A LYS  189  0.6822    0.000 1.00
A LEU  190  0.6137    0.000 1.00
A GLN  191  0.7100    0.000 1.00
A LEU  192  0.7005    0.000 1.00
A GLU  193  0.6092    0.000 1.00
A ASP  194  0.6363    0.000 1.00
A VAL  195  0.6208    0.000 1.00
A SER  196  0.5708    0.000 1.00
A GLU  197  0.5537    0.000 1.00
A ASN  198  0.7106    0.000 1.00
A LYS  199  0.6590    0.000 1.00
A ASN  200  0.8056    0.000 1.00
A VAL  201  0.8060    0.000 1.00
A ILE  202  0.7646    0.000 1.00
A ILE  203  0.7667    0.000 1.00
A PRO  204  0.7349    0.000 1.00
A GLY  205  0.8107    0.000 1.00
A LYS  206  0.7256    0.000 1.00
A ALA  207  0.7759    0.000 1.00
A LEU  208  0.8132    0.000 1.00
A ALA  209  0.8408    0.000 1.00
A GLU  210  0.7399    0.000 1.00
A LEU  211  0.7431    0.000 1.00
A ASN  212  0.7462    0.000 1.00
A LYS  213  0.7510    0.000 1.00
A ILE  214  0.8203    0.000 1.00
A MET  215  0.6849    0.000 1.00
A SER  216  0.6393    0.000 1.00
A ASP  217  0.4413    0.000 1.00
A ASN  218  0.5126    0.000 1.00
A GLU  219  0.5341    0.000 1.00
A GLU  220  0.5544    0.000 1.00
A ASP  221  0.6327    0.000 1.00
A ILE  222  0.7071    0.000 1.00
A ASP  223  0.6800    0.000 1.00
A ILE  224  0.7168    0.000 1.00
A PHE  225  0.7087    0.000 1.00
A PHE  226  0.6112    0.000 1.00
A ALA  227  0.6558    0.000 1.00
A SER  228  0.7513    0.000 1.00
A ASN  229  0.6643    0.000 1.00
A GLN  230  0.5638    0.000 1.00
A VAL  231  0.7214    0.000 1.00
A LEU  232  0.6794    0.000 1.00
A PHE  233  0.7582    0.000 1.00
A LYS  234  0.4885    0.000 1.00
A VAL  235  0.5193    0.000 1.00
A GLY  236  0.5120    0.000 1.00
A VAL  238  0.6004   39.501 1.00
A ASN  239  0.6262   42.899 1.00
A PHE  240  0.7207   52.691 1.00
A ILE  241  0.7296   54.636 1.00
A SER  242  0.6519   63.667 1.00
A ARG  243  0.6697   68.560 1.00
A LEU  244  0.6699   74.861 1.00
A LEU  245  0.5911   90.220 1.00
A GLU  246  0.7498   99.168 1.00
A GLY  247  0.6730  103.493 1.00
A HIS  248  0.7921  107.795 1.00
A TYR  249  0.6182  101.728 1.00
A PRO  250  0.7546  103.316 1.00
A ASP  251  0.8644  113.324 1.00
A THR  252  0.7355  118.077 1.00
A THR  253  0.7679  118.137 1.00
A ARG  254  0.7861  121.393 1.00
A LEU  255  0.7076  111.771 1.00
A PHE  256  0.6417  112.588 1.00
A PRO  257  0.7861  100.837 1.00
A GLU  258  0.7341   96.412 1.00
A ASN  259  0.7843  100.679 1.00
A TYR  260  0.7159   93.471 1.00
A GLU  261  0.7358   91.502 1.00
A ILE  262  0.7753   81.453 1.00
A LYS  263  0.7188   79.374 1.00
A LEU  264  0.8717   65.041 1.00
A SER  265  0.8315   66.937 1.00
A ILE  266  0.8468   60.375 1.00
A ASP  267  0.7696   49.769 1.00
A ASN  268  0.8404   47.541 1.00
A GLY  269  0.8355   52.040 1.00
A GLU  270  0.7789   53.801 1.00
A PHE  271  0.8362   49.107 1.00
A TYR  272  0.8070   38.138 1.00
A HIS  273  0.7167   53.968 1.00
A ALA  274  0.7698   46.820 1.00
A ILE  275  0.8581   40.932 1.00
A ASP  276  0.7909   45.722 1.00
A ARG  277  0.6454   47.631 1.00
A ALA  278  0.8670   41.482 1.00
A SER  279  0.8684   44.065 1.00
A LEU  280  0.8253   36.333 1.00
A LEU  281  0.8047   45.923 1.00
A ALA  282  0.7841   52.286 1.00
A ARG  283  0.7823   53.879 1.00
A GLU  284  0.6527   58.357 1.00
A GLY  285  0.7079   65.808 1.00
A GLY  286  0.7064   62.432 1.00
A ASN  287  0.7027   64.801 1.00
A ASN  288  0.7332   47.572 1.00
A VAL  289  0.8395   50.284 1.00
A ILE  290  0.8385   35.915 1.00
A LYS  291  0.7355   49.418 1.00
A LEU  292  0.8173   59.976 1.00
A SER  293  0.7841   64.228 1.00
A THR  294  0.8269   79.729 1.00
A GLY  295  0.8092   83.495 1.00
A ASP  296  0.7770   88.326 1.00
A ASP  297  0.7435   81.604 1.00
A VAL  298  0.8025   75.863 1.00
A VAL  299  0.8837   68.451 1.00
A GLU  300  0.7671   57.999 1.00
A LEU  301  0.8298   50.358 1.00
A SER  302  0.8055   42.377 1.00
A SER  303  0.8088   42.790 1.00
A THR  304  0.7664   52.524 1.00
A SER  305  0.7708   49.532 1.00
A PRO  306  0.7911   59.307 1.00
A GLU  307  0.7708   61.904 1.00
A ILE  308  0.8047   52.740 1.00
A GLY  309  0.8156   51.530 1.00
A THR  310  0.7359   50.769 1.00
A VAL  311  0.8354   43.937 1.00
A LYS  312  0.6795   50.131 1.00
A GLU  313  0.7202   51.002 1.00
A GLU  314  0.7197   66.929 1.00
A VAL  315  0.8126   65.836 1.00
A ASP  316  0.8174   78.640 1.00
A ALA  317  0.8173   77.744 1.00
A ASN  318  0.7096   77.905 1.00
A ASP  319  0.7764   77.779 1.00
A VAL  320  0.7791   83.311 1.00
A GLU  321  0.7957   88.878 1.00
A GLY  322  0.7863   96.737 1.00
A GLY  323  0.7064   90.035 1.00
A SER  324  0.8025   91.375 1.00
A LEU  325  0.8076   85.480 1.00
A LYS  326  0.7116   83.968 1.00
A ILE  327  0.7807   70.319 1.00
A SER  328  0.7422   65.333 1.00
A PHE  329  0.6059   65.084 1.00
A ASN  330  0.7803   46.905 1.00
A SER  331  0.8417   44.715 1.00
A LYS  332  0.6148   49.466 1.00
A TYR  333  0.6693   50.858 1.00
A MET  334  0.7730   50.576 1.00
A MET  335  0.8227   46.939 1.00
A ASP  336  0.7030   54.015 1.00
A ALA  337  0.8139   50.748 1.00
A LEU  338  0.8238   45.571 1.00
A LYS  339  0.7342   50.668 1.00
A ALA  340  0.7690   50.634 1.00
A ILE  341  0.7653   51.767 1.00
A ASP  342  0.7285   76.301 1.00
A ASN  343  0.7294   64.465 1.00
A ASP  344  0.7547   56.464 1.00
A GLU  345  0.7363   61.839 1.00
A VAL  346  0.8222   51.040 1.00
A GLU  347  0.7398   60.881 1.00
A VAL  348  0.8725   60.037 1.00
A GLU  349  0.8113   79.096 1.00
A PHE  350  0.8085   80.627 1.00
A PHE  351  0.7151   86.948 1.00
A GLY  352  0.7789   87.570 1.00
A THR  353  0.7204   91.277 1.00
A MET  354  0.7627   91.605 1.00
A LYS  355  0.7374   85.357 1.00
A PRO  356  0.7783   82.761 1.00
A PHE  357  0.5672   82.865 1.00
A ILE  358  0.8052   61.877 1.00
A LEU  359  0.8306   50.342 1.00
A LYS  360  0.7062   50.996 1.00
A PRO  361  0.7881   55.830 1.00
A LYS  362  0.7087   69.384 1.00
A GLY  363  0.7888   73.720 1.00
A ASP  364  0.7157   74.713 1.00
A ASP  365  0.7929   77.408 1.00
A SER  366  0.6783   66.603 1.00
A VAL  367  0.7077   53.739 1.00
A THR  368  0.7306   52.819 1.00
A GLN  369  0.7916   51.721 1.00
A LEU  370  0.5387   64.300 1.00
A ILE  371  0.7224   70.899 1.00
A LEU  372  0.7039   87.615 1.00
A PRO  373  0.4359   95.701 1.00
A ILE  374  0.4527   89.462 1.00
A ARG  375  0.4795   98.679 1.00
B MET    1  0.6463   95.526 1.00
B MET    2  0.7719   80.089 1.00
B GLU    3  0.7319   84.047 1.00
B PHE    4  0.6176   84.045 1.00
B THR    5  0.7158   76.020 1.00
B ILE    6  0.7756   77.649 1.00
B LYS    7  0.7533   82.356 1.00
B ARG    8  0.7914   70.221 1.00
B ASP    9  0.7576   84.950 1.00
B TYR   10  0.6287   86.224 1.00
B PHE   11  0.8506   60.511 1.00
B ILE   12  0.8252   65.430 1.00
B THR   13  0.8272   65.319 1.00
B GLN   14  0.8062   61.316 1.00
B LEU   15  0.8652   58.205 1.00
B ASN   16  0.7868   67.331 1.00
B ASP   17  0.7627   64.044 1.00
B THR   18  0.8680   55.966 1.00
B LEU   19  0.8087   68.210 1.00
B LYS   20  0.7981   63.991 1.00
B ALA   21  0.8694   59.426 1.00
B ILE   22  0.8406   71.812 1.00
B SER   23  0.7678   85.668 1.00
B PRO   24  0.8409   95.061 1.00
B ARG   25  0.8005  102.177 1.00
B THR   26  0.7099  101.456 1.00
B THR   27  0.8517  105.739 1.00
B LEU   28  0.7489   96.547 1.00
B PRO   29  0.8125   94.730 1.00
B ILE   30  0.7856   87.241 1.00
B LEU   31  0.8030   85.094 1.00
B THR   32  0.8045   80.044 1.00
B GLY   33  0.8522   67.075 1.00
B ILE   34  0.8534   50.351 1.00
B LYS   35  0.7845   59.448 1.00
B ILE   36  0.8838   63.629 1.00
B ASP   37  0.7605   67.222 1.00
B ALA   38  0.7927   86.128 1.00
B LYS   39  0.7041   87.190 1.00
B GLU   40  0.7525  100.410 1.00
B HIS   41  0.7916  104.097 1.00
B GLU   42  0.7438   87.933 1.00
B VAL   43  0.8178   66.730 1.00
B ILE   44  0.8063   56.009 1.00
B LEU   45  0.8547   56.638 1.00
B THR   46  0.7723   56.024 1.00
B GLY   47  0.8876   57.825 1.00
B SER   48  0.7771   69.040 1.00
B ASP   49  0.7425   75.793 1.00
B SER   50  0.7751   88.703 1.00
B GLU   51  0.7090   82.869 1.00
B ILE   52  0.8091   70.920 1.00
B SER   53  0.8460   61.508 1.00
B ILE   54  0.8897   42.788 1.00
B GLU   55  0.7913   52.618 1.00
B ILE   56  0.8617   47.384 1.00
B THR   57  0.8019   67.844 1.00
B ILE   58  0.8256   70.611 1.00
B PRO   59  0.8340   84.131 1.00
B LYS   60  0.7022  101.067 1.00
B THR   61  0.7215  112.924 1.00
B VAL   62  0.6998  118.441 1.00
B ASP   63  0.7760  127.064 1.00
B GLY   64  0.8120  118.380 1.00
B GLU   65  0.7399  113.817 1.00
B ASP   66  0.7182  109.470 1.00
B ILE   67  0.6906   97.661 1.00
B VAL   68  0.7248   87.567 1.00
B ASN   69  0.6882   90.439 1.00
B ILE   70  0.6035   87.986 1.00
B SER   71  0.7029   95.930 1.00
B GLU   72  0.6860   92.683 1.00
B THR   73  0.7298   87.306 1.00
B GLY   74  0.7894   81.735 1.00
B SER   75  0.8075   72.747 1.00
B VAL   76  0.8931   63.227 1.00
B VAL   77  0.8886   65.876 1.00
B LEU   78  0.8851   66.091 1.00
B PRO   79  0.8495   66.007 1.00
B GLY   80  0.7762   75.528 1.00
B ARG   81  0.5513   91.090 1.00
B PHE   82  0.5487   90.105 1.00
B PHE   83  0.8567   66.079 1.00
B VAL   84  0.8453   66.514 1.00
B ASP   85  0.7354   69.210 1.00
B ILE   86  0.7866   60.087 1.00
B ILE   87  0.8416   57.625 1.00
B LYS   88  0.7975   62.950 1.00
B LYS   89  0.6309   57.449 1.00
B LEU   90  0.6957   56.334 1.00
B PRO   91  0.5321   71.593 1.00
B GLY   92  0.8115   82.810 1.00
B LYS   93  0.7424   86.934 1.00
B ASP   94  0.6949   83.265 1.00
B VAL   95  0.8438   62.627 1.00
B LYS   96  0.7317   66.392 1.00
B LEU   97  0.8198   59.721 1.00
B SER   98  0.7955   71.050 1.00
B THR   99  0.7978   78.091 1.00
B ASN  100  0.7373   91.856 1.00
B GLU  101  0.6840  104.523 1.00
B GLN  102  0.7356  106.434 1.00
B PHE  103  0.8117   90.551 1.00
B GLN  104  0.7850   81.590 1.00
B THR  105  0.8646   69.164 1.00
B LEU  106  0.7626   58.424 1.00
B ILE  107  0.8351   49.245 1.00
B THR  108  0.7263   57.459 1.00
B SER  109  0.7725   68.462 1.00
B GLY  110  0.7873   82.463 1.00
B HIS  111  0.6563   80.881 1.00
B SER  112  0.7363   65.247 1.00
B GLU  113  0.6935   71.837 1.00
B PHE  114  0.8294   54.372 1.00
B ASN  115  0.7144   60.876 1.00
B LEU  116  0.8167   64.434 1.00
B SER  117  0.8139   70.368 1.00
B GLY  118  0.8075   81.492 1.00
B LEU  119  0.7993   76.076 1.00
B ASP  120  0.7816   94.825 1.00
B PRO  121  0.8241   89.279 1.00
B ASP  122  0.7940  102.336 1.00
B GLN  123  0.7664   99.319 1.00
B TYR  124  0.7912   86.970 1.00
B PRO  125  0.8185   97.854 1.00
B LEU  126  0.8523  103.260 1.00
B LEU  127  0.6722  102.851 1.00
B PRO  128  0.7196  101.514 1.00
B GLN  129  0.7217  111.217 1.00
B VAL  130  0.6895   96.049 1.00
B SER  131  0.7557   96.562 1.00
B ARG  132  0.6015  100.922 1.00
B ASP  133  0.7475  104.520 1.00
B ASP  134  0.6942   91.625 1.00
B ALA  135  0.7217   94.644 1.00
B ILE  136  0.8065   85.752 1.00
B GLN  137  0.7298   96.786 1.00
B LEU  138  0.8339   81.124 1.00
B SER  139  0.7567   84.393 1.00
B VAL  140  0.8208   80.161 1.00
B LYS  141  0.7667   77.330 1.00
B VAL  142  0.8362   71.091 1.00
B LEU  143  0.7776   75.692 1.00
B LYS  144  0.7777   75.724 1.00
B ASN  145  0.7166   75.112 1.00
B VAL  146  0.6716   63.631 1.00
B ILE  147  0.7622   62.304 1.00
B ALA  148  0.7850   65.322 1.00
B GLN  149  0.6163   68.658 1.00
B THR  150  0.7839   61.250 1.00
B ASN  151  0.6269   78.326 1.00
B PHE  152  0.5476   76.835 1.00
B ALA  153  0.8140   58.580 1.00
B VAL  154  0.8052   66.896 1.00
B SER  155  0.8416   73.182 1.00
B THR  156  0.8466   89.177 1.00
B SER  157  0.8139  102.087 1.00
B GLU  158  0.7765  108.983 1.00
B THR  159  0.8471  112.573 1.00
B ARG  160  0.7752  108.149 1.00
B PRO  161  0.8331  100.670 1.00
B VAL  162  0.8057   94.550 1.00
B LEU  163  0.8358   86.335 1.00
B THR  164  0.8523   87.500 1.00
B GLY  165  0.8188   78.865 1.00
B VAL  166  0.8015   64.824 1.00
B ASN  167  0.7334   74.427 1.00
B TRP  168  0.8380   78.506 1.00
B LEU  169  0.7231   89.532 1.00
B ILE  170  0.8201   97.476 1.00
B GLN  171  0.7784  107.113 1.00
B GLU  172  0.8528  110.344 1.00
B ASN  173  0.7460  111.907 1.00
B GLU  174  0.6847  100.728 1.00
B LEU  175  0.7449   95.252 1.00
B ILE  176  0.6595   85.586 1.00
B CYS  177  0.7498   73.058 1.00
B THR  178  0.7847   56.783 1.00
B ALA  179  0.8737   50.824 1.00
B THR  180  0.8044   63.317 1.00
B ASP  181  0.8149   69.111 1.00
B SER  182  0.8124   80.227 1.00
B HIS  183  0.8065   75.874 1.00
B ARG  184  0.8067   65.474 1.00
B LEU  185  0.8388   61.480 1.00
B ALA  186  0.8517   53.316 1.00
B VAL  187  0.7787   58.466 1.00
B ARG  188  0.6189   81.375 1.00
B LYS  189  0.6606   92.253 1.00
B LEU  190  0.8043   93.631 1.00
B GLN  191  0.7962  100.263 1.00
B LEU  192  0.8107  104.686 1.00
B GLU  193  0.7191  118.461 1.00
B ASP  194  0.6533  125.282 1.00
B VAL  195  0.6058  129.197 1.00
B SER  196  0.6947  127.273 1.00
B GLU  197  0.6760  109.902 1.00
B ASN  198  0.7934  103.995 1.00
B LYS  199  0.7517   95.569 1.00
B ASN  200  0.7787   93.670 1.00
B VAL  201  0.8372   76.637 1.00
B ILE  202  0.8195   72.804 1.00
B ILE  203  0.8769   60.427 1.00
B PRO  204  0.8633   66.921 1.00
B GLY  205  0.8470   68.960 1.00
B LYS  206  0.7643   75.142 1.00
B ALA  207  0.8288   66.198 1.00
B LEU  208  0.8414   62.311 1.00
B ALA  209  0.8521   66.134 1.00
B GLU  210  0.7740   62.852 1.00
B LEU  211  0.8459   62.955 1.00
B ASN  212  0.8076   67.341 1.00
B LYS  213  0.8011   64.849 1.00
B ILE  214  0.8125   69.138 1.00
B MET  215  0.7768   84.729 1.00
B SER  216  0.7712  110.037 1.00
B ASP  217  0.7276  122.160 1.00
B ASN  218  0.6574  125.597 1.00
B GLU  219  0.6043  110.597 1.00
B GLU  220  0.6149  110.251 1.00
B ASP  221  0.6744   96.526 1.00
B ILE  222  0.8623   76.411 1.00
B ASP  223  0.7327   77.608 1.00
B ILE  224  0.8925   66.667 1.00
B PHE  225  0.8421   73.197 1.00
B PHE  226  0.8457   82.117 1.00
B ALA  227  0.7886   85.392 1.00
B SER  228  0.8873   93.267 1.00
B ASN  229  0.7972   80.132 1.00
B GLN  230  0.7816   78.901 1.00
B VAL  231  0.8650   68.814 1.00
B LEU  232  0.7736   65.175 1.00
B PHE  233  0.8641   57.790 1.00
B LYS  234  0.7302   68.967 1.00
B VAL  235  0.8067   60.544 1.00
B GLY  236  0.7270   82.917 1.00
B ASN  237  0.7046   62.326 1.00
B VAL  238  0.8140   58.083 1.00
B ASN  239  0.7801   46.450 1.00
B PHE  240  0.8961   54.591 1.00
B ILE  241  0.8563   58.791 1.00
B SER  242  0.7998   75.797 1.00
B ARG  243  0.6668   93.385 1.00
B LEU  244  0.8021   78.075 1.00
B LEU  245  0.8050   80.372 1.00
B GLU  246  0.7779   99.208 1.00
B GLY  247  0.8231  103.835 1.00
B HIS  248  0.7674  108.596 1.00
B TYR  249  0.5296  102.457 1.00
B PRO  250  0.7594   96.493 1.00
B ASP  251  0.8415  105.712 1.00
B THR  252  0.8275   98.287 1.00
B THR  253  0.7611  107.400 1.00
B ARG  254  0.7202  115.584 1.00
B LEU  255  0.7746  101.593 1.00
B PHE  256  0.5309  111.637 1.00
B PRO  257  0.6461  116.864 1.00
B GLU  258  0.7481  131.946 1.00
B ASN  259  0.6724  136.070 1.00
B TYR  260  0.5231  135.648 1.00
B GLU  261  0.5234  127.846 1.00
B ILE  262  0.7092  116.038 1.00
B LYS  263  0.6748  108.284 1.00
B LEU  264  0.8334   85.032 1.00
B SER  265  0.8008   88.822 1.00
B ILE  266  0.8043   76.251 1.00
B ASP  267  0.7738   84.353 1.00
B ASN  268  0.8164   77.579 1.00
B GLY  269  0.8024   82.548 1.00
B GLU  270  0.8052   87.534 1.00
B PHE  271  0.8747   70.106 1.00
B TYR  272  0.8235   60.995 1.00
B HIS  273  0.7258   66.645 1.00
B ALA  274  0.8194   58.274 1.00
B ILE  275  0.8584   58.974 1.00
B ASP  276  0.4868   67.716 1.00
B ARG  277  0.5448   60.072 1.00
B ALA  278  0.8255   62.136 1.00
B SER  279  0.8113   68.687 1.00
B LEU  280  0.6113   63.756 1.00
B LEU  281  0.6441   75.350 1.00
B ALA  282  0.8177   69.378 1.00
B ARG  283  0.7635   73.635 1.00
B GLU  284  0.6503   82.146 1.00
B GLY  285  0.7583   79.425 1.00
B GLY  286  0.7847   76.795 1.00
B ASN  287  0.7638   74.653 1.00
B ASN  288  0.7560   60.664 1.00
B VAL  289  0.7810   67.109 1.00
B ILE  290  0.7847   66.167 1.00
B LYS  291  0.7348   64.821 1.00
B LEU  292  0.7958   85.933 1.00
B SER  293  0.7740   94.493 1.00
B THR  294  0.7646  108.194 1.00
B GLY  295  0.7116  119.417 1.00
B ASP  296  0.6991  123.388 1.00
B ASP  297  0.6812  116.771 1.00
B VAL  298  0.7200  102.097 1.00
B VAL  299  0.8597   90.483 1.00
B GLU  300  0.7034   85.492 1.00
B LEU  301  0.8462   71.080 1.00
B SER  302  0.7505   64.835 1.00
B SER  303  0.8059   63.290 1.00
B THR  304  0.7584   77.994 1.00
B SER  305  0.6937   84.995 1.00
B PRO  306  0.7678   96.620 1.00
B GLU  307  0.7671   95.290 1.00
B ILE  308  0.6815   77.200 1.00
B GLY  309  0.7553   70.985 1.00
B THR  310  0.7028   72.389 1.00
B VAL  311  0.6135   61.057 1.00
B LYS  312  0.6565   72.422 1.00
B GLU  313  0.7124   74.042 1.00
B GLU  314  0.6646   87.234 1.00
B VAL  315  0.8334   86.047 1.00
B ASP  316  0.6894   92.675 1.00
B ALA  317  0.7719   94.274 1.00
B ASN  318  0.7120  103.454 1.00
B ASP  319  0.7652  107.807 1.00
B VAL  320  0.7167  116.330 1.00
B GLU  321  0.6208  122.106 1.00
B GLY  322  0.5223  123.902 1.00
B GLY  323  0.7314  121.785 1.00
B SER  324  0.8520  122.182 1.00
B LEU  325  0.6097  109.725 1.00
B LYS  326  0.7748  102.031 1.00
B ILE  327  0.7509   83.150 1.00
B SER  328  0.7087   86.028 1.00
B PHE  329  0.5678   78.516 1.00
B ASN  330  0.7354   72.397 1.00
B SER  331  0.8075   65.643 1.00
B LYS  332  0.6737   72.926 1.00
B TYR  333  0.8320   67.282 1.00
B MET  334  0.7930   65.521 1.00
B MET  335  0.8750   62.292 1.00
B ASP  336  0.7588   65.324 1.00
B ALA  337  0.8555   48.396 1.00
B LEU  338  0.8394   61.281 1.00
B LYS  339  0.8013   70.988 1.00
B ALA  340  0.8194   64.508 1.00
B ILE  341  0.8263   67.999 1.00
B ASP  342  0.8173   88.602 1.00
B ASN  343  0.7830   88.465 1.00
B ASP  344  0.7313   91.012 1.00
B GLU  345  0.7044   87.300 1.00
B VAL  346  0.8204   76.004 1.00
B GLU  347  0.6993   84.597 1.00
B VAL  348  0.7870   80.333 1.00
B GLU  349  0.6977  103.294 1.00
B PHE  350  0.3691  119.301 1.00
B PHE  351  0.6058  117.207 1.00
B GLY  352  0.4454  117.022 1.00
B THR  353  0.5753  119.724 1.00
B MET  354  0.4225  117.488 1.00
B LYS  355  0.6624  114.781 1.00
B PRO  356  0.6361  112.294 1.00
B PHE  357  0.5945   97.658 1.00
B ILE  358  0.8048   79.881 1.00
B LEU  359  0.8636   64.956 1.00
B LYS  360  0.7179   77.257 1.00
B PRO  361  0.7555   80.714 1.00
B LYS  362  0.7146   86.410 1.00
B GLY  363  0.7350   92.147 1.00
B ASP  364  0.6315   90.199 1.00
B ASP  365  0.8098   94.646 1.00
B SER  366  0.7733   87.757 1.00
B VAL  367  0.7967   71.363 1.00
B THR  368  0.7623   67.074 1.00
B GLN  369  0.7945   58.491 1.00
B LEU  370  0.7768   70.759 1.00
B ILE  371  0.8112   79.015 1.00
B LEU  372  0.7704   90.460 1.00
B PRO  373  0.5513  103.827 1.00
C MET    1  0.5368   93.863 1.00
C LEU    2  0.6102   89.465 1.00
C PHE    3  0.5951   89.379 1.00
C PHE    4  0.5848   83.732 1.00
C LYS    5  0.5985   76.206 1.00
C GLU    6  0.7300   81.156 1.00
C LYS    7  0.7499   66.231 1.00
C PHE    8  0.8285   55.455 1.00
C TYR    9  0.6260   65.445 1.00
C ASN   10  0.6918   56.474 1.00
C GLU   11  0.7529   52.958 1.00
C LEU   12  0.8127   42.040 1.00
C SER   13  0.7542   46.637 1.00
C TYR   14  0.7361   49.403 1.00
C TYR   15  0.8350   47.796 1.00
C ARG   16  0.6285   58.203 1.00
C GLY   17  0.7953   51.735 1.00
C GLY   18  0.8800   55.735 1.00
C HIS   19  0.7809   40.661 1.00
C LYS   20  0.8580   41.924 1.00
C ASP   21  0.8236   52.979 1.00
C LEU   22  0.8474   41.776 1.00
C GLU   23  0.8041   48.438 1.00
C SER   24  0.8298   41.198 1.00
C MET   25  0.8793   45.347 1.00
C PHE   26  0.7741   49.737 1.00
C GLU   27  0.7570   55.410 1.00
C LEU   28  0.7865   40.210 1.00
C ALA   29  0.8842   47.164 1.00
C LEU   30  0.8337   56.009 1.00
C GLU   31  0.7903   63.199 1.00
C TYR   32  0.7414   65.308 1.00
C ILE   33  0.8339   62.055 1.00
C GLU   34  0.7965   70.368 1.00
C LYS   35  0.6779   83.486 1.00
C LEU   36  0.7936   79.276 1.00
C GLU   37  0.7358   90.981 1.00
C GLU   38  0.7178  100.720 1.00
C GLU   39  0.6326  112.109 1.00
C ASP   40  0.7523  111.211 1.00
C GLU   41  0.6994  114.084 1.00
C GLN   42  0.6302  123.931 1.00
C GLN   43  0.4864  125.440 1.00
D MET    1  0.4007  130.110 1.00
D LEU    2  0.6961  124.391 1.00
D PHE    3  0.5537  125.205 1.00
D PHE    4  0.6277  111.959 1.00
D LYS    5  0.7147  101.564 1.00
D GLU    6  0.7508  108.524 1.00
D LYS    7  0.6656   95.826 1.00
D PHE    8  0.8149   72.024 1.00
D TYR    9  0.6043   84.206 1.00
D ASN   10  0.7045   78.651 1.00
D GLU   11  0.7913   68.602 1.00
D LEU   12  0.7629   67.987 1.00
D SER   13  0.7536   63.872 1.00
D TYR   14  0.8031   64.101 1.00
D TYR   15  0.8178   61.538 1.00
D ARG   16  0.7998   59.871 1.00
D GLY   17  0.8539   62.720 1.00
D GLY   18  0.8297   56.635 1.00
D HIS   19  0.8314   48.923 1.00
D LYS   20  0.8668   57.179 1.00
D ASP   21  0.8290   74.386 1.00
D LEU   22  0.6821   80.531 1.00
D GLU   23  0.7157   94.737 1.00
D SER   24  0.7936   79.473 1.00
D MET   25  0.7748   70.400 1.00
D PHE   26  0.8234   73.750 1.00
D GLU   27  0.7142   84.880 1.00
D LEU   28  0.7968   67.785 1.00
D ALA   29  0.8748   68.888 1.00
D LEU   30  0.7979   73.866 1.00
D GLU   31  0.7661   85.993 1.00
D TYR   32  0.8298   81.812 1.00
D ILE   33  0.8028   83.520 1.00
D GLU   34  0.7608   97.187 1.00
D LYS   35  0.6731  105.929 1.00
D LEU   36  0.8019   99.672 1.00
D GLU   37  0.6290  105.032 1.00
D GLU   38  0.6894  123.546 1.00
D GLU   39  0.7143  133.089 1.00
D ASP   40  0.7183  142.386 1.00
D GLU   41  0.7538  145.813 1.00
D GLN   42  0.7186  154.124 1.00
D GLN   43  0.5122  152.770 1.00
