A ALA   12  0.4065  135.716 1.00
A LEU   13  0.5390  137.722 1.00
A ALA   14  0.7014  136.176 1.00
A ARG   15  0.6395  132.120 1.00
A LEU   16  0.7708  129.328 1.00
A VAL   17  0.7822  127.246 1.00
A LEU   18  0.7386  121.337 1.00
A ARG   19  0.6368  127.856 1.00
A LEU   20  0.7981  120.816 1.00
A ASN   21  0.7924  107.346 1.00
A ALA   22  0.8715  104.450 1.00
A PRO   23  0.8714  101.866 1.00
A LEU   24  0.8693  100.178 1.00
A CYS   25  0.8703   94.715 1.00
A VAL   26  0.8631   88.814 1.00
A LEU   27  0.8480   88.915 1.00
A SER   28  0.8876   82.357 1.00
A TYR   29  0.8296   80.127 1.00
A VAL   30  0.8303   82.084 1.00
A ALA   31  0.8570   76.828 1.00
A GLY   32  0.8857   76.802 1.00
A ILE   33  0.9050   73.636 1.00
A ALA   34  0.8969   68.356 1.00
A TRP   35  0.7912   76.577 1.00
A PHE   36  0.8935   70.108 1.00
A LEU   37  0.8938   71.349 1.00
A ALA   38  0.8994   72.168 1.00
A LEU   39  0.9017   73.569 1.00
A VAL   40  0.8842   74.724 1.00
A PHE   41  0.7740   81.891 1.00
A PRO   42  0.7714   84.206 1.00
A PRO   43  0.8288   87.859 1.00
A LEU   44  0.8698   80.985 1.00
A THR   45  0.7943   80.959 1.00
A GLN   46  0.7545   78.314 1.00
A ARG   47  0.7325   87.888 1.00
A THR   48  0.8148   84.964 1.00
A TYR   49  0.5651   88.587 1.00
A MET   50  0.6998   82.910 1.00
A SER   51  0.7814   81.458 1.00
A GLU   52  0.8189   72.879 1.00
A ASN   53  0.7784   70.461 1.00
A ALA   54  0.9031   62.428 1.00
A MET   55  0.8856   64.836 1.00
A GLY   56  0.8122   67.023 1.00
A SER   57  0.8314   65.667 1.00
A THR   58  0.8374   67.077 1.00
A MET   59  0.7257   84.109 1.00
A VAL   60  0.8072   72.617 1.00
A GLU   61  0.7977   85.246 1.00
A GLU   62  0.8150   76.077 1.00
A GLN   63  0.8141   74.596 1.00
A PHE   64  0.8739   63.245 1.00
A ALA   65  0.8628   73.378 1.00
A GLY   66  0.8445   75.373 1.00
A GLY   67  0.8046   80.830 1.00
A ASP   68  0.8102   85.251 1.00
A ARG   69  0.8294   73.367 1.00
A ALA   70  0.9177   64.150 1.00
A ARG   71  0.8280   72.038 1.00
A ALA   72  0.8865   65.054 1.00
A PHE   73  0.8727   62.376 1.00
A ALA   74  0.9287   57.466 1.00
A ARG   75  0.8240   66.635 1.00
A ASP   76  0.8599   66.871 1.00
A PHE   77  0.9396   57.692 1.00
A ALA   78  0.8967   64.870 1.00
A ALA   79  0.8746   64.530 1.00
A HIS   80  0.8671   64.377 1.00
A ARG   81  0.8114   68.181 1.00
A LYS   82  0.8332   76.576 1.00
A LYS   83  0.8383   78.553 1.00
A SER   84  0.8610   81.513 1.00
A GLY   85  0.8339   79.958 1.00
A ALA   86  0.8113   81.630 1.00
A LEU   87  0.8690   67.184 1.00
A PRO   88  0.8914   62.723 1.00
A VAL   89  0.8166   60.893 1.00
A ALA   90  0.8642   58.870 1.00
A TRP   91  0.9092   58.411 1.00
A LEU   92  0.9355   52.042 1.00
A GLU   93  0.8468   61.240 1.00
A ARG   94  0.8316   63.682 1.00
A THR   95  0.9241   53.876 1.00
A MET   96  0.9221   52.249 1.00
A ARG   97  0.8058   56.845 1.00
A SER   98  0.9084   54.485 1.00
A VAL   99  0.9005   51.673 1.00
A GLY  100  0.9090   51.155 1.00
A LEU  101  0.8928   44.125 1.00
A GLU  102  0.7636   61.557 1.00
A VAL  103  0.7770   59.340 1.00
A TYR  104  0.8081   49.469 1.00
A THR  105  0.8929   50.177 1.00
A GLN  106  0.9099   47.092 1.00
A SER  107  0.9034   54.880 1.00
A PHE  108  0.8848   55.985 1.00
A SER  109  0.8394   67.677 1.00
A ARG  110  0.8263   72.722 1.00
A LYS  111  0.6565   87.217 1.00
A LEU  112  0.8139   82.914 1.00
A PRO  113  0.8288   87.766 1.00
A PHE  114  0.7539   97.878 1.00
A PRO  115  0.8165  106.410 1.00
A ASP  116  0.7305  122.141 1.00
A GLU  117  0.6234  128.654 1.00
A THR  118  0.6933  122.100 1.00
A HIS  119  0.6047  115.938 1.00
A GLU  120  0.6328  120.449 1.00
A ARG  121  0.6790  106.417 1.00
A TYR  122  0.6858  106.201 1.00
A MET  123  0.7121   95.415 1.00
A VAL  124  0.8144   77.844 1.00
A SER  125  0.7512   83.267 1.00
A GLY  126  0.8143   62.080 1.00
A THR  127  0.7695   63.869 1.00
A ASN  128  0.8519   58.020 1.00
A VAL  129  0.8199   47.387 1.00
A TYR  130  0.6159   63.267 1.00
A GLY  131  0.9164   46.287 1.00
A ILE  132  0.9168   42.659 1.00
A LEU  133  0.9351   37.766 1.00
A ARG  134  0.8432   42.240 1.00
A ALA  135  0.9031   47.480 1.00
A PRO  136  0.8829   51.093 1.00
A ARG  137  0.7638   60.015 1.00
A ALA  138  0.8450   63.632 1.00
A ALA  139  0.8281   54.662 1.00
A SER  140  0.8063   63.170 1.00
A THR  141  0.8795   51.420 1.00
A GLU  142  0.8229   54.791 1.00
A SER  143  0.9092   43.700 1.00
A LEU  144  0.9435   37.775 1.00
A VAL  145  0.9390   43.541 1.00
A LEU  146  0.9094   44.819 1.00
A THR  147  0.8899   52.956 1.00
A VAL  148  0.8247   62.296 1.00
A PRO  149  0.8677   67.479 1.00
A CYS  150  0.8126   70.978 1.00
A GLY  151  0.6911   91.490 1.00
A SER  152  0.7292   99.227 1.00
A ASP  153  0.7540   93.231 1.00
A SER  154  0.7414   84.007 1.00
A THR  155  0.8055   80.107 1.00
A ASN  156  0.8427   63.044 1.00
A SER  157  0.8674   58.995 1.00
A GLN  158  0.8651   62.517 1.00
A ALA  159  0.9051   56.374 1.00
A VAL  160  0.9331   48.009 1.00
A GLY  161  0.9331   50.398 1.00
A LEU  162  0.9191   53.185 1.00
A LEU  163  0.9298   50.661 1.00
A LEU  164  0.9270   49.814 1.00
A ALA  165  0.9160   55.410 1.00
A LEU  166  0.9509   46.482 1.00
A ALA  167  0.9543   42.760 1.00
A ALA  168  0.8969   43.550 1.00
A HIS  169  0.9002   57.642 1.00
A PHE  170  0.9201   47.924 1.00
A ARG  171  0.8971   47.973 1.00
A GLY  172  0.8986   55.812 1.00
A GLN  173  0.8218   50.898 1.00
A ILE  174  0.9080   50.020 1.00
A TYR  175  0.7101   58.082 1.00
A TRP  176  0.9247   40.371 1.00
A ALA  177  0.9173   40.686 1.00
A LYS  178  0.9178   41.887 1.00
A ASP  179  0.8769   48.715 1.00
A ILE  180  0.9361   39.373 1.00
A VAL  181  0.9415   39.886 1.00
A PHE  182  0.9409   44.790 1.00
A LEU  183  0.8539   52.818 1.00
A VAL  184  0.9171   53.299 1.00
A THR  185  0.8636   61.367 1.00
A GLU  186  0.7859   75.636 1.00
A HIS  187  0.7765   75.562 1.00
A ASP  188  0.7056   88.320 1.00
A LEU  189  0.8130   68.205 1.00
A LEU  190  0.9132   66.648 1.00
A GLY  191  0.9448   51.570 1.00
A THR  192  0.9449   54.474 1.00
A GLU  193  0.9306   58.130 1.00
A ALA  194  0.9497   46.398 1.00
A TRP  195  0.8934   37.424 1.00
A LEU  196  0.9372   48.408 1.00
A GLU  197  0.8833   57.233 1.00
A ALA  198  0.9331   49.126 1.00
A TYR  199  0.9159   40.575 1.00
A HIS  200  0.9094   46.308 1.00
A ASP  201  0.8213   59.755 1.00
A VAL  202  0.8914   60.147 1.00
A ASN  203  0.6288   65.445 1.00
A VAL  204  0.8275   71.284 1.00
A THR  205  0.8521   72.346 1.00
A GLY  206  0.8265   68.380 1.00
A MET  207  0.8270   68.388 1.00
A GLN  208  0.7679   64.497 1.00
A SER  209  0.8472   62.838 1.00
A SER  210  0.8794   56.287 1.00
A PRO  211  0.8706   54.471 1.00
A LEU  212  0.8308   43.914 1.00
A GLN  213  0.8216   54.312 1.00
A GLY  214  0.8811   44.660 1.00
A ARG  215  0.7749   42.779 1.00
A ALA  216  0.8923   50.344 1.00
A GLY  217  0.9165   40.188 1.00
A ALA  218  0.9168   45.486 1.00
A ILE  219  0.9244   47.244 1.00
A GLN  220  0.8461   55.081 1.00
A ALA  221  0.9399   43.066 1.00
A ALA  222  0.9609   39.488 1.00
A VAL  223  0.9577   47.449 1.00
A ALA  224  0.9469   49.666 1.00
A LEU  225  0.8553   59.240 1.00
A GLU  226  0.7635   70.157 1.00
A LEU  227  0.9030   59.486 1.00
A SER  228  0.8591   72.463 1.00
A SER  229  0.8568   72.568 1.00
A ASP  230  0.7859   74.656 1.00
A VAL  231  0.8370   66.399 1.00
A VAL  232  0.9351   68.596 1.00
A THR  233  0.8841   73.277 1.00
A SER  234  0.8560   71.178 1.00
A LEU  235  0.8965   71.260 1.00
A ASP  236  0.8411   77.220 1.00
A VAL  237  0.8372   65.954 1.00
A ALA  238  0.7980   66.166 1.00
A VAL  239  0.8575   64.153 1.00
A GLU  240  0.7964   69.967 1.00
A GLY  241  0.8924   71.323 1.00
A LEU  242  0.8976   56.112 1.00
A ASN  243  0.8457   62.237 1.00
A GLY  244  0.8648   68.945 1.00
A GLN  245  0.8123   64.752 1.00
A LEU  246  0.8760   63.330 1.00
A PRO  247  0.9135   60.879 1.00
A ASN  248  0.8835   62.093 1.00
A LEU  249  0.8968   60.715 1.00
A ASP  250  0.8381   72.125 1.00
A LEU  251  0.9252   58.292 1.00
A LEU  252  0.9045   65.006 1.00
A ASN  253  0.8398   71.688 1.00
A LEU  254  0.8968   63.886 1.00
A PHE  255  0.8783   70.292 1.00
A GLN  256  0.8417   74.177 1.00
A THR  257  0.8649   72.163 1.00
A PHE  258  0.8785   67.357 1.00
A CYS  259  0.7709   79.867 1.00
A GLN  260  0.8089   80.170 1.00
A LYS  261  0.8521   67.473 1.00
A GLY  262  0.8772   74.362 1.00
A GLY  263  0.8564   79.195 1.00
A LEU  264  0.8567   69.204 1.00
A LEU  265  0.8279   77.124 1.00
A CYS  266  0.7925   83.233 1.00
A THR  267  0.8616   77.580 1.00
A LEU  268  0.8761   70.651 1.00
A GLN  269  0.8249   76.329 1.00
A GLY  270  0.8308   73.450 1.00
A LYS  271  0.8123   84.643 1.00
A LEU  272  0.7507   97.638 1.00
A GLN  273  0.7215  107.768 1.00
A PRO  274  0.7130  119.367 1.00
A GLU  275  0.6852  123.826 1.00
A ASP  276  0.4708  135.839 1.00
A TRP  277  0.4706  134.511 1.00
A THR  278  0.5745  136.367 1.00
A SER  279  0.6541  136.508 1.00
A LEU  280  0.4048  130.001 1.00
A ASP  281  0.6952  118.951 1.00
A GLY  282  0.7346  104.385 1.00
A PRO  283  0.8197  108.167 1.00
A LEU  284  0.8116   98.106 1.00
A GLN  285  0.8500   94.407 1.00
A GLY  286  0.8727   84.535 1.00
A LEU  287  0.8677   77.891 1.00
A GLN  288  0.7990   81.293 1.00
A THR  289  0.8699   72.557 1.00
A LEU  290  0.8703   69.500 1.00
A LEU  291  0.8976   67.131 1.00
A LEU  292  0.9185   67.749 1.00
A MET  293  0.9122   68.096 1.00
A VAL  294  0.9167   64.747 1.00
A LEU  295  0.8822   64.376 1.00
A ARG  296  0.8023   67.857 1.00
A GLN  297  0.8797   65.263 1.00
A ALA  298  0.8899   65.534 1.00
A SER  299  0.8421   64.497 1.00
A GLY  300  0.8950   70.010 1.00
A ARG  301  0.8299   71.173 1.00
A PRO  302  0.8892   64.450 1.00
A HIS  303  0.7845   72.507 1.00
A GLY  304  0.8541   51.755 1.00
A SER  305  0.8929   55.103 1.00
A HIS  306  0.9038   58.033 1.00
A GLY  307  0.9292   53.407 1.00
A LEU  308  0.9425   50.395 1.00
A PHE  309  0.9484   47.634 1.00
A LEU  310  0.9213   49.661 1.00
A ARG  311  0.8540   57.193 1.00
A TYR  312  0.9005   54.597 1.00
A ARG  313  0.8234   66.847 1.00
A VAL  314  0.9351   52.827 1.00
A GLU  315  0.8633   59.554 1.00
A ALA  316  0.9421   48.920 1.00
A LEU  317  0.9157   55.329 1.00
A THR  318  0.9139   57.166 1.00
A LEU  319  0.9092   55.940 1.00
A ARG  320  0.7516   66.069 1.00
A GLY  321  0.8970   65.430 1.00
A ILE  322  0.8691   74.481 1.00
A ASN  323  0.8425   74.499 1.00
A SER  324  0.7669   88.358 1.00
A PHE  325  0.6459  101.955 1.00
A ARG  326  0.7404   96.214 1.00
A GLN  327  0.7966  104.293 1.00
A TYR  328  0.7933   91.539 1.00
A LYS  329  0.8230   77.268 1.00
A TYR  330  0.8843   70.881 1.00
A ASP  331  0.8515   72.079 1.00
A LEU  332  0.8894   62.835 1.00
A VAL  333  0.8777   61.836 1.00
A ALA  334  0.9170   58.936 1.00
A VAL  335  0.9327   57.337 1.00
A GLY  336  0.9559   55.903 1.00
A LYS  337  0.8734   58.837 1.00
A ALA  338  0.9298   58.830 1.00
A LEU  339  0.9380   55.782 1.00
A GLU  340  0.8864   62.483 1.00
A GLY  341  0.9254   56.925 1.00
A MET  342  0.9440   61.284 1.00
A PHE  343  0.9226   54.471 1.00
A ARG  344  0.7467   56.622 1.00
A LYS  345  0.8834   50.770 1.00
A LEU  346  0.9451   43.310 1.00
A ASN  347  0.8997   42.209 1.00
A HIS  348  0.9153   49.570 1.00
A LEU  349  0.8853   50.859 1.00
A LEU  350  0.8456   58.846 1.00
A GLU  351  0.7909   63.687 1.00
A ARG  352  0.8396   64.208 1.00
A LEU  353  0.8416   67.736 1.00
A HIS  354  0.7056   65.775 1.00
A GLN  355  0.7273   70.593 1.00
A SER  356  0.7711   73.790 1.00
A PHE  357  0.6901   67.577 1.00
A PHE  358  0.8299   58.274 1.00
A LEU  359  0.8205   63.876 1.00
A TYR  360  0.8941   58.503 1.00
A LEU  361  0.8811   66.650 1.00
A LEU  362  0.9058   65.651 1.00
A PRO  363  0.8643   67.771 1.00
A GLY  364  0.8976   72.020 1.00
A LEU  365  0.8636   73.850 1.00
A SER  366  0.8189   89.450 1.00
A ARG  367  0.6996   85.544 1.00
A PHE  368  0.7996   75.065 1.00
A VAL  369  0.8575   71.334 1.00
A SER  370  0.7941   74.700 1.00
A ILE  371  0.7185   79.775 1.00
A GLY  372  0.8104   79.592 1.00
A LEU  373  0.8588   75.260 1.00
A TYR  374  0.6479   77.907 1.00
A MET  375  0.8240   73.293 1.00
A PRO  376  0.8754   76.597 1.00
A ALA  377  0.8755   72.106 1.00
A VAL  378  0.8710   73.096 1.00
A GLY  379  0.8499   76.250 1.00
A PHE  380  0.8386   72.780 1.00
A LEU  381  0.8998   73.900 1.00
A LEU  382  0.9025   70.285 1.00
A LEU  383  0.8930   79.271 1.00
A VAL  384  0.9150   79.786 1.00
A LEU  385  0.9234   78.605 1.00
A GLY  386  0.8874   83.850 1.00
A LEU  387  0.8547   83.951 1.00
A LYS  388  0.8078   81.873 1.00
A ALA  389  0.8854   90.246 1.00
A LEU  390  0.8140   92.324 1.00
A GLU  391  0.8024  102.277 1.00
A LEU  392  0.8661   98.095 1.00
A TRP  393  0.7215  100.565 1.00
A MET  394  0.7948  111.545 1.00
A GLN  395  0.7958  105.054 1.00
A LEU  396  0.7996  104.733 1.00
A HIS  397  0.5098  117.246 1.00
A GLU  398  0.6096  129.519 1.00
A ALA  399  0.4966  126.724 1.00
A GLY  400  0.5927  128.077 1.00
A GLY  421  0.5494  121.817 1.00
A VAL  422  0.3346  125.651 1.00
A GLY  423  0.1597  131.607 1.00
A LEU  424  0.4090  126.120 1.00
A ALA  425  0.7212  118.660 1.00
A SER  426  0.8034  115.430 1.00
A LEU  427  0.8731  103.725 1.00
A VAL  428  0.8330  103.173 1.00
A ALA  429  0.8502  102.622 1.00
A PRO  430  0.8860   99.503 1.00
A LEU  431  0.8348   95.862 1.00
A LEU  432  0.7999   96.983 1.00
A ILE  433  0.8520   96.316 1.00
A SER  434  0.8491   91.350 1.00
A GLN  435  0.6757   96.267 1.00
A ALA  436  0.8559   86.316 1.00
A MET  437  0.8910   88.286 1.00
A GLY  438  0.9113   85.183 1.00
A LEU  439  0.8066   87.460 1.00
A ALA  440  0.9169   82.352 1.00
A LEU  441  0.9293   78.764 1.00
A TYR  442  0.8266   80.032 1.00
A VAL  443  0.8812   84.321 1.00
A LEU  444  0.8672   88.845 1.00
A PRO  445  0.8825   89.546 1.00
A VAL  446  0.7729   97.243 1.00
A LEU  447  0.7888  100.146 1.00
A GLY  448  0.8517  108.060 1.00
A GLN  449  0.7255  117.917 1.00
A HIS  450  0.6904  121.048 1.00
A VAL  451  0.6282  129.077 1.00
A ALA  452  0.6525  129.648 1.00
A THR  453  0.6241  130.679 1.00
A GLN  454  0.7135  133.182 1.00
A HIS  455  0.5978  135.344 1.00
A PHE  456  0.4047  138.761 1.00
A PRO  457  0.6345  137.586 1.00
A VAL  458  0.5529  132.346 1.00
A ALA  459  0.6823  130.102 1.00
A GLU  460  0.6044  121.669 1.00
A ALA  461  0.7923  112.072 1.00
A GLU  462  0.7782  112.696 1.00
A ALA  463  0.8464  106.174 1.00
A VAL  464  0.8451   97.217 1.00
A VAL  465  0.8886   94.331 1.00
A LEU  466  0.8271   97.975 1.00
A THR  467  0.8605   88.536 1.00
A LEU  468  0.8776   84.084 1.00
A LEU  469  0.8633   83.070 1.00
A ALA  470  0.8626   83.056 1.00
A ILE  471  0.8733   87.740 1.00
A TYR  472  0.8379   85.593 1.00
A ALA  473  0.8003   90.744 1.00
A ALA  474  0.8256   90.504 1.00
A GLY  475  0.8507   84.517 1.00
A LEU  476  0.7874   94.115 1.00
A ALA  477  0.7079  105.894 1.00
A LEU  478  0.6230  122.140 1.00
A PRO  479  0.4966  128.177 1.00
A HIS  480  0.3959  143.635 1.00
A ASN  481  0.3232  147.126 1.00
A THR  482  0.2522  143.553 1.00
A THR  488  0.5930  101.827 1.00
A GLN  489  0.4342  129.769 1.00
A ALA  490  0.0848  130.904 1.00
A PRO  491  0.3163  128.743 1.00
A ASP  492  0.3111  126.572 1.00
A ARG  493  0.3831  121.798 1.00
A GLY  494  0.7231  100.398 1.00
A TRP  495  0.7631   97.468 1.00
A MET  496  0.8315   96.844 1.00
A ALA  497  0.9082   92.174 1.00
A LEU  498  0.9038   80.596 1.00
A LYS  499  0.8729   81.053 1.00
A LEU  500  0.8812   82.444 1.00
A VAL  501  0.8741   76.853 1.00
A ALA  502  0.9019   79.302 1.00
A LEU  503  0.9119   78.589 1.00
A ILE  504  0.8540   76.120 1.00
A TYR  505  0.6059   87.679 1.00
A LEU  506  0.9077   75.728 1.00
A ALA  507  0.9095   71.174 1.00
A LEU  508  0.8791   71.476 1.00
A GLN  509  0.7681   73.097 1.00
A LEU  510  0.9119   64.520 1.00
A GLY  511  0.8922   65.783 1.00
A CYS  512  0.8488   76.997 1.00
A ILE  513  0.8874   68.760 1.00
A ALA  514  0.8169   72.764 1.00
A LEU  515  0.8204   71.105 1.00
A THR  516  0.7494   70.234 1.00
A ASN  517  0.8406   67.396 1.00
A PHE  518  0.6315   80.434 1.00
A SER  519  0.9077   65.642 1.00
A LEU  520  0.9022   66.970 1.00
A GLY  521  0.9228   60.745 1.00
A PHE  522  0.9137   64.184 1.00
A LEU  523  0.8972   60.640 1.00
A LEU  524  0.9055   63.674 1.00
A ALA  525  0.9328   66.826 1.00
A THR  526  0.8907   63.204 1.00
A THR  527  0.8704   69.940 1.00
A MET  528  0.8638   79.674 1.00
A VAL  529  0.9190   78.430 1.00
A PRO  530  0.8744   79.830 1.00
A THR  531  0.8821   78.760 1.00
A ALA  532  0.9048   84.148 1.00
A ALA  533  0.8712   84.952 1.00
A LEU  534  0.8234   86.025 1.00
A ALA  535  0.9066   95.758 1.00
A LYS  536  0.7629   95.068 1.00
A PRO  537  0.8041   97.446 1.00
A HIS  538  0.7020  109.482 1.00
A GLY  539  0.6930  103.493 1.00
A PRO  540  0.7361   99.321 1.00
A ARG  541  0.7442  102.880 1.00
A THR  542  0.7927   96.797 1.00
A LEU  543  0.8542   93.566 1.00
A TYR  544  0.7927   86.766 1.00
A ALA  545  0.8746   85.838 1.00
A ALA  546  0.8961   82.574 1.00
A LEU  547  0.8585   82.200 1.00
A LEU  548  0.8678   79.759 1.00
A VAL  549  0.8419   80.910 1.00
A LEU  550  0.8451   81.339 1.00
A THR  551  0.8390   77.784 1.00
A SER  552  0.8578   77.820 1.00
A PRO  553  0.8818   78.847 1.00
A ALA  554  0.8664   79.648 1.00
A ALA  555  0.8834   78.196 1.00
A THR  556  0.9000   75.359 1.00
A LEU  557  0.8931   75.413 1.00
A LEU  558  0.8938   70.171 1.00
A GLY  559  0.8930   72.665 1.00
A SER  560  0.8582   72.997 1.00
A LEU  561  0.8720   75.045 1.00
A PHE  562  0.8544   76.147 1.00
A LEU  563  0.9045   71.664 1.00
A TRP  564  0.8345   74.606 1.00
A ARG  565  0.8531   82.955 1.00
A GLU  566  0.7926   79.934 1.00
A LEU  567  0.8950   74.112 1.00
A GLN  568  0.8111   85.013 1.00
A GLU  569  0.7912   94.028 1.00
A ALA  570  0.8358   89.496 1.00
A PRO  571  0.8104   90.366 1.00
A LEU  572  0.7635   92.763 1.00
A SER  573  0.8062   94.593 1.00
A LEU  574  0.7808   88.304 1.00
A ALA  575  0.8703   92.018 1.00
A GLU  576  0.8033   93.953 1.00
A GLY  577  0.9011   91.872 1.00
A TRP  578  0.7793   90.230 1.00
A GLN  579  0.8293   87.302 1.00
A LEU  580  0.8779   78.250 1.00
A PHE  581  0.9110   80.676 1.00
A LEU  582  0.8504   80.176 1.00
A ALA  583  0.8619   76.900 1.00
A ALA  584  0.8738   78.630 1.00
A LEU  585  0.8851   72.886 1.00
A ALA  586  0.8756   77.118 1.00
A GLN  587  0.8095   81.712 1.00
A GLY  588  0.8665   76.995 1.00
A VAL  589  0.9126   74.941 1.00
A LEU  590  0.9067   73.133 1.00
A GLU  591  0.8496   76.267 1.00
A HIS  592  0.8753   69.659 1.00
A HIS  593  0.8682   71.533 1.00
A THR  594  0.9166   68.956 1.00
A TYR  595  0.8581   69.147 1.00
A GLY  596  0.8858   62.550 1.00
A ALA  597  0.8866   64.684 1.00
A LEU  598  0.8251   68.414 1.00
A LEU  599  0.8807   66.224 1.00
A PHE  600  0.8963   68.265 1.00
A PRO  601  0.8967   66.080 1.00
A LEU  602  0.8910   67.042 1.00
A LEU  603  0.8920   68.961 1.00
A SER  604  0.9180   76.422 1.00
A LEU  605  0.8130   74.726 1.00
A GLY  606  0.8032   81.150 1.00
A LEU  607  0.8711   79.002 1.00
A TYR  608  0.8685   81.399 1.00
A PRO  609  0.8243   85.306 1.00
A CYS  610  0.7171   88.967 1.00
A TRP  611  0.8123   82.016 1.00
A LEU  612  0.8808   82.963 1.00
A LEU  613  0.8933   78.669 1.00
A PHE  614  0.9001   78.123 1.00
A TRP  615  0.8886   81.624 1.00
A ASN  616  0.8571   83.940 1.00
A VAL  617  0.9015   84.670 1.00
A LEU  618  0.8281   91.571 1.00
K ALA   34  0.3986  135.576 1.00
K GLU   35  0.5130  135.049 1.00
K GLN   36  0.5758  127.578 1.00
K PHE   37  0.5979  123.501 1.00
K PHE   38  0.6594  117.855 1.00
K ARG   39  0.6112  124.040 1.00
K SER   40  0.6062   98.557 1.00
K GLY   41  0.7411   71.748 1.00
K HIS   42  0.6591   77.107 1.00
K THR   43  0.7352   67.374 1.00
K ASN   44  0.7705   57.462 1.00
K ASN   45  0.8642   47.246 1.00
K TRP   46  0.9172   41.233 1.00
K ALA   47  0.9491   34.792 1.00
K VAL   48  0.9561   34.630 1.00
K LEU   49  0.9541   34.909 1.00
K VAL   50  0.9384   39.477 1.00
K CYS   51  0.9145   51.038 1.00
K THR   52  0.8445   68.073 1.00
K SER   53  0.8469   63.560 1.00
K ARG   54  0.6373   75.605 1.00
K PHE   55  0.8332   63.155 1.00
K TRP   56  0.9155   45.614 1.00
K PHE   57  0.8853   54.853 1.00
K ASN   58  0.8999   50.220 1.00
K TYR   59  0.8786   49.052 1.00
K ARG   60  0.8273   62.055 1.00
K HIS   61  0.8717   51.950 1.00
K VAL   62  0.9497   42.771 1.00
K ALA   63  0.9400   35.954 1.00
K ASN   64  0.8924   42.907 1.00
K THR   65  0.9509   41.259 1.00
K LEU   66  0.9592   38.696 1.00
K SER   67  0.9282   44.827 1.00
K VAL   68  0.9240   36.419 1.00
K TYR   69  0.9381   42.283 1.00
K ARG   70  0.8731   47.918 1.00
K SER   71  0.9254   49.117 1.00
K VAL   72  0.9244   38.309 1.00
K LYS   73  0.8817   47.279 1.00
K ARG   74  0.8545   57.078 1.00
K LEU   75  0.9334   50.261 1.00
K GLY   76  0.8842   56.822 1.00
K ILE   77  0.8964   44.709 1.00
K PRO   78  0.9177   52.787 1.00
K ASP   79  0.6745   60.984 1.00
K SER   80  0.8588   52.005 1.00
K HIS   81  0.9245   41.740 1.00
K ILE   82  0.8195   38.276 1.00
K VAL   83  0.9415   36.237 1.00
K LEU   84  0.9481   44.299 1.00
K MET   85  0.9309   43.240 1.00
K LEU   86  0.9384   45.444 1.00
K ALA   87  0.8594   58.032 1.00
K ASP   88  0.8309   71.462 1.00
K ASP   89  0.7791   72.297 1.00
K MET   90  0.8746   64.603 1.00
K ALA   91  0.8651   57.290 1.00
K CYS   92  0.7053   69.947 1.00
K ASN   93  0.8726   56.709 1.00
K PRO   94  0.9067   42.674 1.00
K ARG   95  0.8940   43.424 1.00
K ASN   96  0.9340   45.855 1.00
K PRO   97  0.8952   48.954 1.00
K LYS   98  0.8249   57.458 1.00
K PRO   99  0.7883   63.504 1.00
K ALA  100  0.8394   52.978 1.00
K THR  101  0.8515   49.570 1.00
K VAL  102  0.8919   45.074 1.00
K PHE  103  0.8668   51.250 1.00
K SER  104  0.8376   65.772 1.00
K HIS  105  0.8452   78.838 1.00
K LYS  106  0.8252   79.151 1.00
K ASN  107  0.7860   81.525 1.00
K MET  108  0.7880   79.249 1.00
K GLU  109  0.7808   80.672 1.00
K LEU  110  0.8080   63.708 1.00
K ASN  111  0.8430   57.820 1.00
K VAL  112  0.8913   56.451 1.00
K TYR  113  0.8711   51.867 1.00
K GLY  114  0.8119   68.160 1.00
K ASP  115  0.8000   83.310 1.00
K ASP  116  0.8103   69.675 1.00
K VAL  117  0.9198   55.446 1.00
K GLU  118  0.8334   55.389 1.00
K VAL  119  0.9321   41.777 1.00
K ASP  120  0.7702   46.940 1.00
K TYR  121  0.9299   44.937 1.00
K ARG  122  0.8801   47.839 1.00
K SER  123  0.7991   64.548 1.00
K TYR  124  0.7666   64.072 1.00
K GLU  125  0.8350   60.393 1.00
K VAL  126  0.9273   54.284 1.00
K THR  127  0.9064   61.803 1.00
K VAL  128  0.9359   57.199 1.00
K GLU  129  0.8589   63.300 1.00
K ASN  130  0.9153   60.362 1.00
K PHE  131  0.9490   49.335 1.00
K LEU  132  0.9362   51.759 1.00
K ARG  133  0.8961   51.525 1.00
K VAL  134  0.9533   43.274 1.00
K LEU  135  0.9590   49.306 1.00
K THR  136  0.8922   49.516 1.00
K GLY  137  0.8379   45.850 1.00
K ARG  138  0.8628   51.421 1.00
K ILE  139  0.8944   51.095 1.00
K PRO  140  0.9184   53.269 1.00
K PRO  141  0.8640   55.546 1.00
K SER  142  0.8519   62.338 1.00
K THR  143  0.8823   45.634 1.00
K PRO  144  0.9171   42.054 1.00
K ARG  145  0.8966   49.172 1.00
K SER  146  0.9036   45.600 1.00
K LYS  147  0.9064   41.292 1.00
K ARG  148  0.8912   46.195 1.00
K LEU  149  0.9429   43.119 1.00
K LEU  150  0.8895   47.003 1.00
K SER  151  0.9206   51.145 1.00
K ASP  152  0.8424   58.224 1.00
K ASP  153  0.8212   64.211 1.00
K ARG  154  0.8134   65.987 1.00
K SER  155  0.9022   57.717 1.00
K ASN  156  0.8858   56.561 1.00
K ILE  157  0.9555   42.746 1.00
K LEU  158  0.9528   43.114 1.00
K ILE  159  0.9549   37.280 1.00
K TYR  160  0.9279   46.353 1.00
K MET  161  0.9254   58.190 1.00
K THR  162  0.8328   60.274 1.00
K GLY  163  0.7660   73.282 1.00
K HIS  164  0.7810   65.341 1.00
K GLY  165  0.7959   71.267 1.00
K GLY  166  0.8164   76.215 1.00
K ASN  167  0.8404   83.919 1.00
K GLY  168  0.8471   79.490 1.00
K PHE  169  0.7840   71.929 1.00
K LEU  170  0.8906   69.491 1.00
K LYS  171  0.7900   72.898 1.00
K PHE  172  0.8719   70.082 1.00
K GLN  173  0.5945   85.781 1.00
K ASP  174  0.7201   82.499 1.00
K SER  175  0.7689   80.618 1.00
K GLU  176  0.7638   74.568 1.00
K GLU  177  0.7829   70.542 1.00
K ILE  178  0.8792   69.700 1.00
K THR  179  0.8199   78.019 1.00
K ASN  180  0.8429   75.541 1.00
K ILE  181  0.7856   82.816 1.00
K GLU  182  0.8199   79.674 1.00
K LEU  183  0.9054   68.782 1.00
K ALA  184  0.8368   71.710 1.00
K ASP  185  0.7826   72.877 1.00
K ALA  186  0.9133   62.260 1.00
K PHE  187  0.9325   64.526 1.00
K GLU  188  0.8386   72.438 1.00
K GLN  189  0.8731   66.347 1.00
K MET  190  0.9351   63.926 1.00
K TRP  191  0.8941   61.231 1.00
K GLN  192  0.8651   63.892 1.00
K LYS  193  0.8633   57.200 1.00
K ARG  194  0.8321   64.418 1.00
K ARG  195  0.8994   54.606 1.00
K TYR  196  0.9223   51.379 1.00
K ASN  197  0.7923   63.275 1.00
K GLU  198  0.8188   63.808 1.00
K LEU  199  0.9301   52.782 1.00
K LEU  200  0.9459   44.486 1.00
K PHE  201  0.9275   51.996 1.00
K ILE  202  0.9328   46.731 1.00
K ILE  203  0.9015   60.789 1.00
K ASP  204  0.8139   71.213 1.00
K THR  205  0.8106   75.826 1.00
K CYS  206  0.7501   81.140 1.00
K GLN  207  0.7821   88.109 1.00
K GLY  208  0.8107   82.532 1.00
K ALA  209  0.8123   74.388 1.00
K SER  210  0.8735   76.538 1.00
K MET  211  0.9021   77.160 1.00
K TYR  212  0.8379   69.438 1.00
K GLU  213  0.8248   75.353 1.00
K ARG  214  0.8367   75.689 1.00
K PHE  215  0.8468   66.937 1.00
K TYR  216  0.6693   71.548 1.00
K SER  217  0.9214   67.723 1.00
K PRO  218  0.8869   59.366 1.00
K ASN  219  0.8772   65.996 1.00
K ILE  220  0.9011   66.145 1.00
K MET  221  0.8788   66.755 1.00
K ALA  222  0.9158   59.772 1.00
K LEU  223  0.8902   58.221 1.00
K ALA  224  0.8612   69.274 1.00
K SER  225  0.8312   65.897 1.00
K SER  226  0.8283   79.825 1.00
K GLN  227  0.8066   86.524 1.00
K VAL  228  0.8357   83.509 1.00
K GLY  229  0.8499   93.305 1.00
K GLU  230  0.7504   96.698 1.00
K ASP  231  0.7923  105.380 1.00
K SER  232  0.7660  113.812 1.00
K LEU  233  0.7233  110.567 1.00
K SER  234  0.6020  105.032 1.00
K HIS  235  0.6072  100.427 1.00
K GLN  236  0.5423   94.580 1.00
K PRO  237  0.7464   92.723 1.00
K ASP  238  0.7805   86.181 1.00
K PRO  239  0.8265   85.660 1.00
K ALA  240  0.8493   81.578 1.00
K ILE  241  0.8710   70.934 1.00
K GLY  242  0.8363   83.562 1.00
K VAL  243  0.8591   68.160 1.00
K HIS  244  0.6192   85.377 1.00
K LEU  245  0.8197   63.849 1.00
K MET  246  0.8443   60.136 1.00
K ASP  247  0.8265   69.081 1.00
K ARG  248  0.8372   71.789 1.00
K TYR  249  0.8921   61.801 1.00
K THR  250  0.9377   55.020 1.00
K PHE  251  0.8782   62.382 1.00
K TYR  252  0.8777   65.696 1.00
K VAL  253  0.9556   58.274 1.00
K LEU  254  0.9450   56.799 1.00
K GLU  255  0.8545   71.900 1.00
K PHE  256  0.8677   66.355 1.00
K LEU  257  0.9236   60.597 1.00
K GLU  258  0.8215   63.657 1.00
K GLU  259  0.8369   77.221 1.00
K ILE  260  0.8847   67.196 1.00
K ASN  261  0.8540   76.127 1.00
K PRO  262  0.8735   69.103 1.00
K ALA  263  0.8544   75.798 1.00
K SER  264  0.8208   82.478 1.00
K GLN  265  0.8312   76.643 1.00
K THR  266  0.8852   72.799 1.00
K ASN  267  0.8704   72.079 1.00
K MET  268  0.9199   73.198 1.00
K ASN  269  0.8053   80.956 1.00
K ASP  270  0.8129   79.350 1.00
K LEU  271  0.9071   67.061 1.00
K PHE  272  0.8348   72.158 1.00
K GLN  273  0.8289   77.587 1.00
K VAL  274  0.8067   72.403 1.00
K CYS  275  0.7996   86.500 1.00
K PRO  276  0.7876   90.040 1.00
K LYS  277  0.7922   93.853 1.00
K SER  278  0.8360   95.462 1.00
K LEU  279  0.8203   86.735 1.00
K CYS  280  0.7727   97.965 1.00
K VAL  281  0.8059   95.677 1.00
K SER  282  0.7833   96.142 1.00
K THR  283  0.7802   94.177 1.00
K PRO  284  0.7568   80.860 1.00
K GLY  285  0.7873   73.248 1.00
K HIS  286  0.7426   80.098 1.00
K ARG  287  0.8111   67.941 1.00
K THR  288  0.8462   74.421 1.00
K ASP  289  0.8476   79.129 1.00
K LEU  290  0.8540   70.684 1.00
K PHE  291  0.8115   73.975 1.00
K GLN  292  0.7743   82.552 1.00
K ARG  293  0.7989   77.364 1.00
K ASP  294  0.8295   82.543 1.00
K PRO  295  0.8896   81.859 1.00
K LYS  296  0.8378   81.483 1.00
K ASN  297  0.7823   85.950 1.00
K VAL  298  0.8855   70.267 1.00
K LEU  299  0.8356   64.701 1.00
K ILE  300  0.9095   65.555 1.00
K THR  301  0.9035   61.757 1.00
K ASP  302  0.8316   65.816 1.00
K PHE  303  0.9147   48.761 1.00
K PHE  304  0.9332   52.397 1.00
K GLY  305  0.9254   53.477 1.00
K SER  306  0.8506   61.125 1.00
K VAL  307  0.7747   73.543 1.00
K ARG  308  0.8312   64.777 1.00
K LYS  309  0.8042   60.814 1.00
K VAL  310  0.7103   75.656 1.00
K GLU  311  0.6541   70.286 1.00
K ILE  312  0.8376   65.603 1.00
K THR  313  0.8342   69.116 1.00
K THR  314  0.7993   80.209 1.00
K GLU  315  0.8005   83.203 1.00
K THR  316  0.8393   71.371 1.00
K ILE  317  0.8591   64.369 1.00
K LYS  318  0.8136   72.818 1.00
K LEU  319  0.8660   70.461 1.00
K GLN  320  0.7552   81.643 1.00
K GLN  321  0.6110   89.328 1.00
K ASP  336  0.3196  140.760 1.00
K GLU  337  0.5493  144.337 1.00
K LYS  338  0.4654  138.787 1.00
K LEU  339  0.3558  127.822 1.00
K MET  340  0.5919  114.537 1.00
K GLU  341  0.7766   97.490 1.00
K PRO  342  0.8286   88.306 1.00
K LEU  343  0.8021   73.104 1.00
K LYS  344  0.7115   69.308 1.00
K TYR  345  0.7276   70.880 1.00
K ALA  346  0.8244   56.336 1.00
K GLU  347  0.7932   66.498 1.00
K GLN  348  0.8686   52.167 1.00
K LEU  349  0.8982   55.271 1.00
K PRO  350  0.8624   63.713 1.00
K VAL  351  0.8619   62.189 1.00
K ALA  352  0.8111   65.226 1.00
K GLN  353  0.8244   70.749 1.00
K ILE  354  0.8849   64.489 1.00
K ILE  355  0.7672   78.220 1.00
K HIS  356  0.7299   79.788 1.00
K GLN  357  0.8355   73.402 1.00
K LYS  358  0.8238   81.370 1.00
K PRO  359  0.8443   88.234 1.00
K LYS  360  0.8164   90.621 1.00
K LEU  361  0.7940   92.097 1.00
K LYS  362  0.7918   93.462 1.00
K ASP  363  0.8131   85.697 1.00
K TRP  364  0.6540   75.584 1.00
K HIS  365  0.5738   89.330 1.00
K PRO  366  0.7973   78.207 1.00
K PRO  367  0.8317   83.396 1.00
K GLY  368  0.7572   94.357 1.00
K GLY  369  0.7664   97.250 1.00
K PHE  370  0.8394   91.107 1.00
K ILE  371  0.7365   98.757 1.00
K LEU  372  0.6900  108.705 1.00
K GLY  373  0.7994  103.180 1.00
K LEU  374  0.8123  101.225 1.00
K TRP  375  0.4518  116.080 1.00
K ALA  376  0.7191  114.016 1.00
K LEU  377  0.8546  108.435 1.00
K ILE  378  0.8267  111.516 1.00
K ILE  379  0.7279  117.066 1.00
K MET  380  0.7305  121.330 1.00
K VAL  381  0.8263  115.150 1.00
K PHE  382  0.7511  118.761 1.00
K PHE  383  0.5385  124.117 1.00
K LYS  384  0.6700  116.930 1.00
K THR  385  0.7016  117.120 1.00
K TYR  386  0.4159  122.896 1.00
K GLY  387  0.4608  121.402 1.00
K ILE  388  0.4823  124.410 1.00
K LYS  389  0.4199  127.254 1.00
S ALA    1  0.3953  121.762 1.00
S ALA    2  0.6763  119.208 1.00
S THR    3  0.5226  116.929 1.00
S HIS    4  0.7507  120.122 1.00
S LEU    5  0.7812  111.441 1.00
S GLU    6  0.7467  113.988 1.00
S VAL    7  0.8650  105.679 1.00
S ALA    8  0.8488   98.314 1.00
S ARG    9  0.6330   95.491 1.00
S GLY   10  0.8788   92.847 1.00
S LYS   11  0.8166   95.434 1.00
S ARG   12  0.7206   91.691 1.00
S ALA   13  0.8875   89.042 1.00
S ALA   14  0.8776   87.184 1.00
S LEU   15  0.8153   88.977 1.00
S PHE   16  0.8062   86.642 1.00
S PHE   17  0.8433   88.798 1.00
S ALA   18  0.8547   88.458 1.00
S ALA   19  0.7865   91.312 1.00
S VAL   20  0.7795   88.669 1.00
S ALA   21  0.8305   89.778 1.00
S ILE   22  0.7905   91.624 1.00
S VAL   23  0.7872   88.690 1.00
S LEU   24  0.8401   93.598 1.00
S GLY   25  0.7679   89.140 1.00
S LEU   26  0.7831   92.570 1.00
S PRO   27  0.8117   89.673 1.00
S LEU   28  0.8440   87.788 1.00
S TRP   29  0.7880   91.856 1.00
S TRP   30  0.5856   99.924 1.00
S LYS   31  0.7535   90.290 1.00
S THR   32  0.8334   81.504 1.00
S THR   33  0.7875   91.521 1.00
S GLU   34  0.6847   99.519 1.00
S THR   35  0.7871   90.870 1.00
S TYR   36  0.7364   90.976 1.00
S ARG   37  0.5891  101.330 1.00
S ALA   38  0.7842   86.034 1.00
S SER   39  0.7453   80.478 1.00
S LEU   40  0.8234   78.023 1.00
S PRO   41  0.9099   77.304 1.00
S TYR   42  0.8488   75.599 1.00
S SER   43  0.8827   79.998 1.00
S GLN   44  0.8595   76.196 1.00
S ILE   45  0.9015   72.819 1.00
S SER   46  0.9001   79.243 1.00
S GLY   47  0.8390   81.425 1.00
S LEU   48  0.8767   78.102 1.00
S ASN   49  0.8436   86.129 1.00
S ALA   50  0.8135   91.054 1.00
S LEU   51  0.7822   87.052 1.00
S GLN   52  0.7959   90.767 1.00
S LEU   53  0.8917   74.808 1.00
S ARG   54  0.8203   81.735 1.00
S LEU   55  0.9346   70.745 1.00
S MET   56  0.8162   81.113 1.00
S VAL   57  0.8545   78.730 1.00
S PRO   58  0.8241   74.569 1.00
S VAL   59  0.9008   83.700 1.00
S THR   60  0.8422   81.541 1.00
S VAL   61  0.9232   80.387 1.00
S VAL   62  0.9021   82.647 1.00
S PHE   63  0.8763   93.020 1.00
S THR   64  0.8205  108.029 1.00
S ARG   65  0.7768  110.150 1.00
S GLU   66  0.8300  112.806 1.00
S SER   67  0.8635  107.548 1.00
S VAL   68  0.8573  117.129 1.00
S PRO   69  0.7881  121.787 1.00
S LEU   70  0.7829  123.880 1.00
S ASP   71  0.8096  125.745 1.00
S ASP   72  0.8128  120.044 1.00
S GLN   73  0.6775  115.688 1.00
S ALA   74  0.8451  113.966 1.00
S LYS   75  0.7724  110.763 1.00
S LEU   76  0.7310  110.460 1.00
S PRO   77  0.7904  101.880 1.00
S PHE   78  0.6692  102.191 1.00
S THR   79  0.8642   83.274 1.00
S VAL   80  0.8744   84.641 1.00
S VAL   81  0.8330   82.396 1.00
S HIS   82  0.8153   91.099 1.00
S GLU   83  0.7753  101.279 1.00
S ARG   84  0.7428   98.184 1.00
S GLU   85  0.8381   94.076 1.00
S ILE   86  0.8551   86.366 1.00
S PRO   87  0.8605   88.957 1.00
S LEU   88  0.7946   94.849 1.00
S LYS   89  0.8037  101.429 1.00
S TYR   90  0.6855  110.304 1.00
S LYS   91  0.8079   98.334 1.00
S MET   92  0.8646   98.547 1.00
S LYS   93  0.8489   93.389 1.00
S ILE   94  0.8928   82.820 1.00
S LYS   95  0.7997   81.558 1.00
S CYS   96  0.8752   88.682 1.00
S ARG   97  0.7653   81.364 1.00
S PHE   98  0.8858   79.233 1.00
S GLN   99  0.8445   84.010 1.00
S LYS  100  0.8563   82.394 1.00
S ALA  101  0.8636   80.790 1.00
S TYR  102  0.8188   85.078 1.00
S ARG  103  0.8350   92.286 1.00
S ARG  104  0.6593  111.006 1.00
S ALA  105  0.7483  109.478 1.00
S LEU  106  0.8044  114.695 1.00
S ASP  107  0.7865  123.250 1.00
S HIS  108  0.7634  121.516 1.00
S GLU  109  0.8197  112.541 1.00
S GLU  110  0.8265  117.654 1.00
S GLU  111  0.8321  123.558 1.00
S ALA  112  0.8549  117.456 1.00
S LEU  113  0.7717  114.116 1.00
S SER  114  0.8009  123.370 1.00
S SER  115  0.6473  123.015 1.00
S GLY  116  0.7862  123.810 1.00
S SER  117  0.8063  118.298 1.00
S VAL  118  0.8419  108.957 1.00
S GLN  119  0.8551  113.453 1.00
S GLU  120  0.7978  118.854 1.00
S ALA  121  0.8680  109.608 1.00
S GLU  122  0.8197  108.050 1.00
S ALA  123  0.8394  111.824 1.00
S MET  124  0.8031  115.770 1.00
S LEU  125  0.8239  110.334 1.00
S ASP  126  0.7579  133.411 1.00
S GLU  127  0.6909  137.280 1.00
S PRO  128  0.6435  141.737 1.00
S GLN  129  0.6020  130.432 1.00
S GLU  130  0.6465  131.668 1.00
S GLN  131  0.6182  118.042 1.00
S ALA  132  0.6971  101.874 1.00
S GLU  133  0.7792   87.612 1.00
S GLY  134  0.7122   82.770 1.00
S SER  135  0.7628   79.627 1.00
S LEU  136  0.8353   71.736 1.00
S THR  137  0.8112   78.009 1.00
S VAL  138  0.8881   76.589 1.00
S TYR  139  0.8535   84.877 1.00
S VAL  140  0.9032   85.716 1.00
S ILE  141  0.8728   95.061 1.00
S SER  142  0.7810  108.933 1.00
S GLU  143  0.7676  110.462 1.00
S HIS  144  0.8032  120.015 1.00
S SER  145  0.7750  108.523 1.00
S SER  146  0.8253  111.947 1.00
S LEU  147  0.8045  111.936 1.00
S LEU  148  0.8392  108.275 1.00
S PRO  149  0.8363  105.007 1.00
S GLN  150  0.8160  107.863 1.00
S ASP  151  0.8266  113.416 1.00
S MET  152  0.7696  108.625 1.00
S ALA  153  0.7179   94.718 1.00
S SER  154  0.8740   91.197 1.00
S TYR  155  0.8139   84.297 1.00
S ILE  156  0.8786   84.412 1.00
S GLY  157  0.8688   82.498 1.00
S PRO  158  0.8604   84.646 1.00
S LYS  159  0.8319   82.501 1.00
S ARG  160  0.7452   86.032 1.00
S THR  161  0.7854   83.480 1.00
S ALA  162  0.8555   82.384 1.00
S VAL  163  0.8861   77.514 1.00
S VAL  164  0.9180   83.996 1.00
S ARG  165  0.8113   97.829 1.00
S GLY  166  0.8605  108.935 1.00
S ILE  167  0.8198  111.553 1.00
S MET  168  0.7927  118.222 1.00
S HIS  169  0.7023  123.350 1.00
S ARG  170  0.7454  124.210 1.00
S GLU  171  0.7950  119.778 1.00
S ALA  172  0.8288  113.868 1.00
S PHE  173  0.7517  108.390 1.00
S ASN  174  0.8445  101.122 1.00
S ILE  175  0.8627   96.914 1.00
S ILE  176  0.8983   97.258 1.00
S GLY  177  0.8593   94.040 1.00
S ARG  178  0.7840   85.975 1.00
S ARG  179  0.7852   87.701 1.00
S ILE  180  0.9363   77.275 1.00
S VAL  181  0.8637   82.201 1.00
S GLN  182  0.8191   86.580 1.00
S VAL  183  0.9105   73.140 1.00
S ALA  184  0.9371   71.816 1.00
S GLN  185  0.8178   72.898 1.00
S ALA  186  0.8932   67.990 1.00
S MET  187  0.8974   71.819 1.00
S SER  188  0.8738   70.657 1.00
S LEU  189  0.8480   74.770 1.00
S THR  190  0.8602   82.896 1.00
S GLU  191  0.8148   90.618 1.00
S ASP  192  0.8393   95.170 1.00
S VAL  193  0.8856   74.074 1.00
S LEU  194  0.9294   78.951 1.00
S ALA  195  0.8955   78.716 1.00
S ALA  196  0.8887   78.908 1.00
S ALA  197  0.8759   74.060 1.00
S LEU  198  0.9071   81.547 1.00
S ALA  199  0.8506   91.272 1.00
S ASP  200  0.7788   99.612 1.00
S HIS  201  0.8611   93.713 1.00
S LEU  202  0.8371  101.633 1.00
S PRO  203  0.6991  109.953 1.00
S GLU  204  0.7524  126.760 1.00
S ASP  205  0.6520  127.984 1.00
S LYS  206  0.6923  124.858 1.00
S TRP  207  0.5164  124.777 1.00
S SER  208  0.6133  120.660 1.00
S ALA  209  0.8054  107.730 1.00
S GLU  210  0.8004  101.713 1.00
S LYS  211  0.7767   95.822 1.00
S ARG  212  0.8200   86.928 1.00
S ARG  213  0.8290   75.903 1.00
S PRO  214  0.9000   65.887 1.00
S LEU  215  0.8881   55.805 1.00
S LYS  216  0.8278   59.903 1.00
S SER  217  0.8866   63.265 1.00
S SER  218  0.9023   62.352 1.00
S LEU  219  0.8813   59.097 1.00
S GLY  220  0.9231   57.955 1.00
S TYR  221  0.9190   57.534 1.00
S GLU  222  0.8511   62.794 1.00
S ILE  223  0.9139   47.319 1.00
S THR  224  0.8984   48.210 1.00
S PHE  225  0.8782   50.195 1.00
S SER  226  0.8885   48.000 1.00
S LEU  227  0.6941   51.294 1.00
S LEU  228  0.9267   45.058 1.00
S ASN  229  0.9265   53.071 1.00
S PRO  230  0.9273   50.420 1.00
S ASP  231  0.8931   67.181 1.00
S PRO  232  0.9183   55.914 1.00
S LYS  233  0.8307   73.556 1.00
S SER  234  0.9077   70.772 1.00
S HIS  235  0.9073   67.833 1.00
S ASP  236  0.8259   74.647 1.00
S VAL  237  0.8092   64.176 1.00
S TYR  238  0.6902   78.340 1.00
S TRP  239  0.5703   76.948 1.00
S ASP  240  0.8178   72.889 1.00
S ILE  241  0.7318   69.374 1.00
S GLU  242  0.7916   73.230 1.00
S GLY  243  0.8928   65.820 1.00
S ALA  244  0.9311   64.426 1.00
S VAL  245  0.9139   61.521 1.00
S ARG  246  0.8271   68.530 1.00
S ARG  247  0.7805   66.305 1.00
S TYR  248  0.8906   59.962 1.00
S VAL  249  0.9365   55.941 1.00
S GLN  250  0.8809   64.684 1.00
S PRO  251  0.9211   64.106 1.00
S PHE  252  0.9362   60.541 1.00
S LEU  253  0.9293   62.670 1.00
S ASN  254  0.9065   66.955 1.00
S ALA  255  0.8973   60.016 1.00
S LEU  256  0.9402   55.586 1.00
S GLY  257  0.8654   65.810 1.00
S ALA  258  0.8579   60.938 1.00
S ALA  259  0.8854   65.318 1.00
S GLY  260  0.9052   61.968 1.00
S ASN  261  0.7722   64.278 1.00
S PHE  262  0.8891   57.503 1.00
S SER  263  0.8444   58.505 1.00
S VAL  264  0.8564   55.143 1.00
S ASP  265  0.8171   55.725 1.00
S SER  266  0.8776   52.887 1.00
S GLN  267  0.8464   49.294 1.00
S ILE  268  0.8615   43.015 1.00
S LEU  269  0.9039   43.619 1.00
S TYR  270  0.9110   47.688 1.00
S TYR  271  0.8947   52.307 1.00
S ALA  272  0.9471   54.144 1.00
S MET  273  0.8506   71.737 1.00
S LEU  274  0.8688   69.449 1.00
S GLY  275  0.8864   66.255 1.00
S VAL  276  0.8469   68.851 1.00
S ASN  277  0.8029   82.829 1.00
S PRO  278  0.8780   69.547 1.00
S ARG  279  0.8022   76.632 1.00
S PHE  280  0.8472   81.633 1.00
S ASP  281  0.7967   88.785 1.00
S SER  282  0.8378   93.227 1.00
S ALA  283  0.8631   92.324 1.00
S SER  284  0.8466   93.800 1.00
S SER  285  0.8386   89.960 1.00
S SER  286  0.8524   79.442 1.00
S TYR  287  0.8603   70.470 1.00
S TYR  288  0.7906   75.590 1.00
S LEU  289  0.9119   64.106 1.00
S ASP  290  0.8110   75.886 1.00
S MET  291  0.8416   77.179 1.00
S HIS  292  0.8077   79.169 1.00
S SER  293  0.8850   68.453 1.00
S LEU  294  0.9138   57.275 1.00
S PRO  295  0.9258   55.769 1.00
S HIS  296  0.9026   63.642 1.00
S VAL  297  0.9359   60.556 1.00
S ILE  298  0.8745   63.551 1.00
S ASN  299  0.8613   68.401 1.00
S PRO  300  0.9235   57.419 1.00
S VAL  301  0.9387   56.947 1.00
S GLU  302  0.8640   65.432 1.00
S SER  303  0.8898   61.050 1.00
S ARG  304  0.8700   57.135 1.00
S LEU  305  0.8397   58.833 1.00
S GLY  306  0.6530   71.892 1.00
S SER  307  0.6203   84.565 1.00
S SER  308  0.6157   80.997 1.00
S ALA  309  0.7205   81.724 1.00
S ALA  310  0.7806   85.324 1.00
S SER  311  0.8066   74.425 1.00
S LEU  312  0.8031   69.403 1.00
S TYR  313  0.8488   61.165 1.00
S PRO  314  0.9301   53.430 1.00
S VAL  315  0.8999   52.246 1.00
S LEU  316  0.9267   49.640 1.00
S ASN  317  0.8877   43.053 1.00
S PHE  318  0.7766   53.542 1.00
S LEU  319  0.9129   43.093 1.00
S LEU  320  0.9058   45.448 1.00
S TYR  321  0.9245   50.778 1.00
S VAL  322  0.9360   49.859 1.00
S PRO  323  0.9036   61.414 1.00
S GLU  324  0.8516   73.192 1.00
S LEU  325  0.8622   72.192 1.00
S ALA  326  0.8543   70.292 1.00
S HIS  327  0.7787   72.459 1.00
S SER  328  0.8359   66.137 1.00
S PRO  329  0.8597   62.711 1.00
S LEU  330  0.9122   55.584 1.00
S TYR  331  0.8597   57.831 1.00
S ILE  332  0.9111   58.907 1.00
S GLN  333  0.8353   78.271 1.00
S ASP  334  0.8839   86.420 1.00
S LYS  335  0.7682   93.113 1.00
S ASP  336  0.8049   89.261 1.00
S GLY  337  0.8107   86.950 1.00
S ALA  338  0.8430   84.156 1.00
S PRO  339  0.8402   80.656 1.00
S VAL  340  0.8616   69.814 1.00
S ALA  341  0.8847   70.572 1.00
S THR  342  0.8789   67.253 1.00
S ASN  343  0.8937   60.138 1.00
S ALA  344  0.9215   56.650 1.00
S PHE  345  0.7554   58.527 1.00
S HIS  346  0.7196   71.021 1.00
S SER  347  0.8516   57.135 1.00
S PRO  348  0.8847   60.607 1.00
S ARG  349  0.6981   66.482 1.00
S TRP  350  0.8169   52.596 1.00
S GLY  351  0.8682   42.010 1.00
S GLY  352  0.8886   42.913 1.00
S ILE  353  0.9033   47.675 1.00
S MET  354  0.8900   50.616 1.00
S VAL  355  0.9047   48.053 1.00
S TYR  356  0.9037   60.376 1.00
S ASN  357  0.8540   63.752 1.00
S VAL  358  0.8619   79.853 1.00
S ASP  359  0.8308   97.787 1.00
S SER  360  0.7961  102.515 1.00
S LYS  361  0.7977  104.120 1.00
S THR  362  0.7762   98.954 1.00
S TYR  363  0.7275   98.444 1.00
S ASN  364  0.6020  111.167 1.00
S ALA  365  0.6655  110.106 1.00
S SER  366  0.6752  110.868 1.00
S VAL  367  0.7672  102.400 1.00
S LEU  368  0.6949   88.297 1.00
S PRO  369  0.7659   92.071 1.00
S VAL  370  0.8341   81.787 1.00
S ARG  371  0.7984   80.001 1.00
S VAL  372  0.9030   73.743 1.00
S GLU  373  0.7812   88.666 1.00
S VAL  374  0.8449   68.343 1.00
S ASP  375  0.8472   75.020 1.00
S MET  376  0.8824   70.706 1.00
S VAL  377  0.8847   66.856 1.00
S ARG  378  0.8188   72.472 1.00
S VAL  379  0.9008   60.393 1.00
S MET  380  0.9315   61.500 1.00
S GLU  381  0.8403   70.317 1.00
S VAL  382  0.9044   60.061 1.00
S PHE  383  0.6178   64.385 1.00
S LEU  384  0.9080   55.201 1.00
S ALA  385  0.9300   56.848 1.00
S GLN  386  0.8930   59.191 1.00
S LEU  387  0.9468   52.072 1.00
S ARG  388  0.8494   58.602 1.00
S LEU  389  0.9030   49.657 1.00
S LEU  390  0.8981   49.883 1.00
S PHE  391  0.9181   49.831 1.00
S GLY  392  0.8871   58.395 1.00
S ILE  393  0.7642   66.509 1.00
S ALA  394  0.6370   82.216 1.00
S GLN  395  0.6773   85.688 1.00
S PRO  396  0.7869   87.253 1.00
S GLN  397  0.8406  102.199 1.00
S LEU  398  0.7661  106.545 1.00
S PRO  399  0.8041  103.527 1.00
S PRO  400  0.8350  110.847 1.00
S LYS  401  0.7673  103.469 1.00
S CYS  402  0.7797  107.660 1.00
S LEU  403  0.8296   92.171 1.00
S LEU  404  0.8234   92.885 1.00
S SER  405  0.8400   94.632 1.00
S GLY  406  0.8562   94.440 1.00
S PRO  407  0.8208   97.077 1.00
S THR  408  0.8521   89.646 1.00
S SER  409  0.8728   92.338 1.00
S GLU  410  0.8148   88.298 1.00
S GLY  411  0.8277   74.970 1.00
S LEU  412  0.8550   75.860 1.00
S MET  413  0.8411   72.010 1.00
S THR  414  0.8527   67.087 1.00
S TRP  415  0.8755   67.054 1.00
S GLU  416  0.8638   67.834 1.00
S LEU  417  0.8809   62.822 1.00
S ASP  418  0.8608   69.485 1.00
S ARG  419  0.8809   61.293 1.00
S LEU  420  0.8862   61.226 1.00
S LEU  421  0.9300   57.216 1.00
S TRP  422  0.9221   57.820 1.00
S ALA  423  0.9369   54.958 1.00
S ARG  424  0.9047   52.570 1.00
S SER  425  0.9607   55.240 1.00
S VAL  426  0.9602   53.264 1.00
S GLU  427  0.8842   61.096 1.00
S ASN  428  0.9385   51.290 1.00
S LEU  429  0.9555   49.024 1.00
S ALA  430  0.9544   54.594 1.00
S THR  431  0.9316   49.490 1.00
S ALA  432  0.9545   51.470 1.00
S THR  433  0.9339   54.981 1.00
S THR  434  0.9100   54.307 1.00
S THR  435  0.9435   56.384 1.00
S LEU  436  0.9576   53.350 1.00
S THR  437  0.8989   56.321 1.00
S SER  438  0.9190   60.743 1.00
S LEU  439  0.9137   62.069 1.00
S ALA  440  0.9134   65.752 1.00
S GLN  441  0.8137   68.974 1.00
S LEU  442  0.9091   67.263 1.00
S LEU  443  0.8762   64.824 1.00
S GLY  444  0.8560   75.760 1.00
S LYS  445  0.8034   73.491 1.00
S ILE  446  0.7818   80.982 1.00
S SER  447  0.8659   91.215 1.00
S ASN  448  0.8436   96.114 1.00
S ILE  449  0.7862   85.646 1.00
S VAL  450  0.8551   82.056 1.00
S ILE  451  0.8488   77.579 1.00
S LYS  452  0.8036   76.421 1.00
S ASP  453  0.8417   86.061 1.00
S ASP  454  0.8307   77.685 1.00
S VAL  455  0.8955   69.271 1.00
S ALA  456  0.9221   69.888 1.00
S SER  457  0.8872   73.780 1.00
S GLU  458  0.8726   68.026 1.00
S VAL  459  0.9492   59.706 1.00
S TYR  460  0.8817   66.717 1.00
S LYS  461  0.8696   61.110 1.00
S ALA  462  0.9503   60.312 1.00
S VAL  463  0.9227   61.627 1.00
S ALA  464  0.8959   57.286 1.00
S ALA  465  0.9070   55.196 1.00
S VAL  466  0.9281   56.983 1.00
S GLN  467  0.8487   64.877 1.00
S LYS  468  0.8624   60.736 1.00
S SER  469  0.9452   61.948 1.00
S ALA  470  0.9008   63.110 1.00
S GLU  471  0.7948   75.331 1.00
S GLU  472  0.8158   73.368 1.00
S LEU  473  0.9265   65.576 1.00
S ALA  474  0.8469   67.404 1.00
S SER  475  0.8163   71.383 1.00
S ALA  476  0.8014   72.494 1.00
S HIS  477  0.7774   78.094 1.00
S LEU  478  0.8993   65.097 1.00
S ALA  479  0.8693   64.034 1.00
S SER  480  0.8496   69.020 1.00
S ALA  481  0.8998   63.506 1.00
S PHE  482  0.9104   55.946 1.00
S VAL  483  0.8851   58.783 1.00
S ALA  484  0.9374   55.384 1.00
S SER  485  0.9434   58.203 1.00
S GLN  486  0.8801   60.003 1.00
S GLU  487  0.8341   64.622 1.00
S ALA  488  0.9413   57.146 1.00
S VAL  489  0.9131   55.747 1.00
S THR  490  0.9002   59.877 1.00
S SER  491  0.9310   56.522 1.00
S SER  492  0.9541   55.240 1.00
S GLU  493  0.8656   59.837 1.00
S LEU  494  0.8591   57.514 1.00
S ALA  495  0.9490   55.592 1.00
S PHE  496  0.8715   52.843 1.00
S PHE  497  0.6415   68.928 1.00
S ASP  498  0.8096   60.431 1.00
S ALA  499  0.8605   58.194 1.00
S SER  500  0.9008   63.732 1.00
S LEU  501  0.8978   64.686 1.00
S LEU  502  0.8587   74.876 1.00
S HIS  503  0.6467  101.056 1.00
S LEU  504  0.7882   94.380 1.00
S LEU  505  0.6431  104.134 1.00
S TYR  506  0.6285  104.904 1.00
S PHE  507  0.4757  116.072 1.00
S PRO  508  0.4052  131.581 1.00
S ASP  509  0.3030  130.288 1.00
S ASP  510  0.4756  138.523 1.00
S GLN  511  0.4227  141.608 1.00
S LYS  512  0.5701  130.259 1.00
S PHE  513  0.3423  135.367 1.00
S ALA  514  0.5342  130.332 1.00
S ILE  515  0.7553  121.431 1.00
S TYR  516  0.3086  132.544 1.00
S ILE  517  0.5242  137.139 1.00
S PRO  518  0.5144  129.289 1.00
S LEU  519  0.3548  135.930 1.00
S PHE  520  0.3278  144.115 1.00
S LEU  521  0.4068  134.299 1.00
S PRO  522  0.3735  143.451 1.00
S MET  523  0.4302  149.284 1.00
S ALA  524  0.2674  149.912 1.00
S VAL  525  0.3221  141.017 1.00
S PRO  526  0.2788  134.904 1.00
T ALA    1  0.6562   75.394 1.00
T ARG    2  0.7318   68.645 1.00
T ASP    3  0.8301   57.176 1.00
T SER    4  0.8537   51.247 1.00
T LEU    5  0.9020   45.992 1.00
T ARG    6  0.8760   44.275 1.00
T GLU    7  0.8737   57.183 1.00
T GLU    8  0.8675   50.364 1.00
T LEU    9  0.9484   32.661 1.00
T VAL   10  0.8945   34.979 1.00
T ILE   11  0.9535   30.950 1.00
T THR   12  0.9209   41.281 1.00
T PRO   13  0.9247   42.599 1.00
T LEU   14  0.9222   45.916 1.00
T PRO   15  0.9083   59.434 1.00
T SER   16  0.8322   57.155 1.00
T GLY   17  0.9030   58.815 1.00
T ASP   18  0.8722   56.899 1.00
T VAL   19  0.9434   40.510 1.00
T ALA   20  0.9486   34.860 1.00
T ALA   21  0.9536   29.794 1.00
T THR   22  0.9111   39.091 1.00
T PHE   23  0.9431   40.536 1.00
T GLN   24  0.9059   39.167 1.00
T PHE   25  0.9352   33.685 1.00
T ARG   26  0.8735   45.306 1.00
T THR   27  0.9195   43.474 1.00
T ARG   28  0.8762   55.146 1.00
T TRP   29  0.8348   54.524 1.00
T ASP   30  0.8540   68.849 1.00
T SER   31  0.8648   58.897 1.00
T GLU   32  0.8362   71.830 1.00
T LEU   33  0.9266   57.102 1.00
T GLN   34  0.8278   67.043 1.00
T ARG   35  0.7858   78.578 1.00
T GLU   36  0.7986   82.677 1.00
T GLY   37  0.8722   71.382 1.00
T VAL   38  0.8332   59.887 1.00
T SER   39  0.8054   61.477 1.00
T HIS   40  0.8077   57.221 1.00
T TYR   41  0.8693   45.959 1.00
T ARG   42  0.8621   47.780 1.00
T LEU   43  0.8764   43.195 1.00
T PHE   44  0.9316   39.298 1.00
T PRO   45  0.9219   45.216 1.00
T LYS   46  0.8321   59.124 1.00
T ALA   47  0.9128   49.768 1.00
T LEU   48  0.9363   45.635 1.00
T GLY   49  0.9414   43.875 1.00
T GLN   50  0.8717   51.439 1.00
T LEU   51  0.9435   44.961 1.00
T ILE   52  0.9500   40.499 1.00
T SER   53  0.9173   49.695 1.00
T LYS   54  0.8835   51.999 1.00
T TYR   55  0.9121   48.829 1.00
T SER   56  0.9055   48.292 1.00
T LEU   57  0.9476   40.208 1.00
T ARG   58  0.8711   45.255 1.00
T GLU   59  0.9401   41.810 1.00
T LEU   60  0.9547   37.099 1.00
T HIS   61  0.8452   35.686 1.00
T LEU   62  0.9364   34.170 1.00
T SER   63  0.8823   35.150 1.00
T PHE   64  0.9372   29.123 1.00
T THR   65  0.9239   38.439 1.00
T GLN   66  0.8380   46.298 1.00
T GLY   67  0.9254   40.383 1.00
T PHE   68  0.7881   48.339 1.00
T TRP   69  0.8731   41.461 1.00
T ARG   70  0.8399   41.528 1.00
T THR   71  0.8998   40.861 1.00
T ARG   72  0.8382   46.263 1.00
T TYR   73  0.8533   50.597 1.00
T TRP   74  0.7654   47.920 1.00
T GLY   75  0.9133   42.122 1.00
T PRO   76  0.8840   48.929 1.00
T PRO   77  0.9017   42.787 1.00
T PHE   78  0.8240   50.019 1.00
T LEU   79  0.8838   44.665 1.00
T GLN   80  0.7857   48.728 1.00
T ALA   81  0.8591   38.576 1.00
T PRO   82  0.8899   41.876 1.00
T SER   83  0.8894   44.020 1.00
T GLY   84  0.9310   36.410 1.00
T ALA   85  0.9138   36.338 1.00
T GLU   86  0.7320   50.621 1.00
T LEU   87  0.9071   43.527 1.00
T TRP   88  0.5399   49.661 1.00
T VAL   89  0.9353   40.787 1.00
T TRP   90  0.9216   37.979 1.00
T PHE   91  0.9455   44.443 1.00
T GLN   92  0.8710   55.478 1.00
T ASP   93  0.8359   68.376 1.00
T THR   94  0.8952   69.281 1.00
T VAL   95  0.8862   65.417 1.00
T THR   96  0.8006   79.553 1.00
T ASP   97  0.8492   73.872 1.00
T VAL   98  0.8903   59.904 1.00
T ASP   99  0.8524   70.115 1.00
T LYS  100  0.8694   61.024 1.00
T SER  101  0.9232   56.662 1.00
T TRP  102  0.9269   44.415 1.00
T LYS  103  0.8741   52.972 1.00
T GLU  104  0.8791   54.047 1.00
T LEU  105  0.9620   40.606 1.00
T SER  106  0.9355   43.568 1.00
T ASN  107  0.8898   46.386 1.00
T VAL  108  0.9365   41.537 1.00
T LEU  109  0.9371   42.191 1.00
T SER  110  0.8956   47.502 1.00
T GLY  111  0.9124   48.318 1.00
T ILE  112  0.9101   40.212 1.00
T PHE  113  0.9186   41.350 1.00
T CYS  114  0.8600   56.103 1.00
T ALA  115  0.8999   51.312 1.00
T SER  116  0.9023   56.102 1.00
T LEU  117  0.9492   46.754 1.00
T ASN  118  0.8682   55.700 1.00
T PHE  119  0.8727   57.796 1.00
T ILE  120  0.8589   54.568 1.00
T ASP  121  0.8038   60.925 1.00
T SER  122  0.7981   55.853 1.00
T THR  123  0.7727   53.486 1.00
T ASN  124  0.8482   48.566 1.00
T THR  125  0.8281   43.903 1.00
T VAL  126  0.8448   47.423 1.00
T THR  127  0.6999   70.161 1.00
T PRO  128  0.8182   59.239 1.00
T THR  129  0.8179   57.566 1.00
T ALA  130  0.8282   64.504 1.00
T SER  131  0.8174   56.020 1.00
T PHE  132  0.7997   41.909 1.00
T LYS  133  0.8615   49.496 1.00
T PRO  134  0.9293   39.616 1.00
T LEU  135  0.8952   45.989 1.00
T GLY  136  0.8779   40.000 1.00
T LEU  137  0.8558   50.299 1.00
T ALA  138  0.8980   59.382 1.00
T ASN  139  0.7360   76.267 1.00
T ASP  140  0.7652   85.072 1.00
T THR  141  0.7857   78.261 1.00
T ASP  142  0.7642   69.236 1.00
T HIS  143  0.6155   70.627 1.00
T TYR  144  0.7517   63.086 1.00
T PHE  145  0.8587   53.702 1.00
T LEU  146  0.6676   65.175 1.00
T ARG  147  0.7586   49.780 1.00
T TYR  148  0.6450   61.855 1.00
T ALA  149  0.9014   40.808 1.00
T VAL  150  0.8478   39.200 1.00
T LEU  151  0.7017   55.258 1.00
T PRO  152  0.5176   62.396 1.00
T ARG  153  0.7420   65.303 1.00
T GLU  154  0.8308   60.570 1.00
T VAL  155  0.8369   58.656 1.00
T VAL  156  0.8744   47.384 1.00
T CYS  157  0.8064   60.248 1.00
T THR  158  0.8761   53.076 1.00
T GLU  159  0.8648   58.559 1.00
T ASN  160  0.9234   41.854 1.00
T LEU  161  0.9559   45.360 1.00
T THR  162  0.9195   53.894 1.00
T PRO  163  0.9239   42.593 1.00
T TRP  164  0.9583   31.936 1.00
T LYS  165  0.9078   44.444 1.00
T LYS  166  0.8853   46.557 1.00
T LEU  167  0.8827   45.424 1.00
T LEU  168  0.8572   45.872 1.00
T PRO  169  0.8197   49.816 1.00
T CYS  170  0.8005   74.600 1.00
T SER  171  0.8413   65.033 1.00
T SER  172  0.8741   70.265 1.00
T LYS  173  0.8355   68.371 1.00
T ALA  174  0.8784   60.254 1.00
T GLY  175  0.9178   56.560 1.00
T LEU  176  0.9310   47.676 1.00
T SER  177  0.9104   48.068 1.00
T VAL  178  0.9314   48.293 1.00
T LEU  179  0.9580   43.654 1.00
T LEU  180  0.9023   50.105 1.00
T LYS  181  0.8237   57.163 1.00
T ALA  182  0.8537   60.778 1.00
T ASP  183  0.8417   64.062 1.00
T ARG  184  0.8418   56.587 1.00
T LEU  185  0.9149   49.936 1.00
T PHE  186  0.5484   62.020 1.00
T HIS  187  0.8561   52.102 1.00
T THR  188  0.9151   42.930 1.00
T SER  189  0.9286   34.667 1.00
T TYR  190  0.9410   30.745 1.00
T HIS  191  0.8766   37.281 1.00
T SER  192  0.9137   33.968 1.00
T GLN  193  0.9383   43.191 1.00
T ALA  194  0.9453   27.816 1.00
T VAL  195  0.9570   29.330 1.00
T HIS  196  0.9304   31.682 1.00
T ILE  197  0.9514   34.819 1.00
T ARG  198  0.9021   40.634 1.00
T PRO  199  0.9393   34.243 1.00
T VAL  200  0.8972   52.249 1.00
T CYS  201  0.8739   63.340 1.00
T ARG  202  0.8549   72.041 1.00
T ASN  203  0.8679   83.846 1.00
T ALA  204  0.8608   91.492 1.00
T ARG  205  0.7626   99.784 1.00
T CYS  206  0.8619   89.158 1.00
T THR  207  0.8340   86.329 1.00
T SER  208  0.8910   64.217 1.00
T ILE  209  0.9114   53.914 1.00
T SER  210  0.9372   50.505 1.00
T TRP  211  0.9371   42.597 1.00
T GLU  212  0.9061   44.178 1.00
T LEU  213  0.9285   36.791 1.00
T ARG  214  0.9262   35.981 1.00
T GLN  215  0.9380   36.417 1.00
T THR  216  0.9352   32.834 1.00
T LEU  217  0.9320   31.763 1.00
T SER  218  0.9264   40.092 1.00
T VAL  219  0.9304   34.026 1.00
T VAL  220  0.9467   29.431 1.00
T PHE  221  0.9283   37.090 1.00
T ASP  222  0.8848   57.066 1.00
T ALA  223  0.9086   53.968 1.00
T PHE  224  0.8898   53.859 1.00
T ILE  225  0.8579   59.885 1.00
T THR  226  0.8389   65.216 1.00
T GLY  227  0.7501   77.328 1.00
T GLN  228  0.7012   85.513 1.00
T GLY  229  0.5507   94.308 1.00
T LYS  230  0.5715  103.942 1.00
T LYS  231  0.5851   92.541 1.00
T ASP  232  0.6863   80.782 1.00
T TRP  233  0.9149   57.865 1.00
T SER  234  0.8767   60.823 1.00
T LEU  235  0.9481   55.455 1.00
T PHE  236  0.8706   59.695 1.00
T ARG  237  0.8100   69.107 1.00
T MET  238  0.9174   54.501 1.00
T PHE  239  0.9370   43.756 1.00
T SER  240  0.8946   58.320 1.00
T ARG  241  0.8287   63.306 1.00
T THR  242  0.8774   66.097 1.00
T LEU  243  0.9278   62.974 1.00
T THR  244  0.8660   70.761 1.00
T GLU  245  0.8487   77.419 1.00
T PRO  246  0.8735   70.436 1.00
T CYS  247  0.8676   69.000 1.00
T PRO  248  0.9085   53.889 1.00
T LEU  249  0.8852   54.325 1.00
T ALA  250  0.8957   46.254 1.00
T SER  251  0.8540   51.867 1.00
T GLU  252  0.8197   57.821 1.00
T SER  253  0.9141   48.253 1.00
T ARG  254  0.8384   50.574 1.00
T VAL  255  0.9398   41.503 1.00
T TYR  256  0.8691   44.042 1.00
T VAL  257  0.9551   41.417 1.00
T ASP  258  0.8928   49.367 1.00
T ILE  259  0.8823   54.609 1.00
T THR  260  0.8638   62.280 1.00
T THR  261  0.8122   83.879 1.00
T TYR  262  0.7157   98.648 1.00
T ASN  263  0.6924  111.201 1.00
T GLN  264  0.5582  116.847 1.00
T ASP  265  0.7039  115.170 1.00
T ASN  266  0.6799  116.370 1.00
T GLU  267  0.6873  107.939 1.00
T THR  268  0.7547   93.434 1.00
T LEU  269  0.8148   69.068 1.00
T GLU  270  0.8073   76.968 1.00
T VAL  271  0.8429   65.281 1.00
T HIS  272  0.7236   84.055 1.00
T PRO  273  0.7123   69.207 1.00
T PRO  274  0.7416   74.517 1.00
T PRO  275  0.8168   69.149 1.00
T THR  276  0.7916   64.186 1.00
T THR  277  0.8139   60.271 1.00
T THR  278  0.8586   63.434 1.00
T TYR  279  0.8023   64.068 1.00
T GLN  280  0.7738   69.618 1.00
T ASP  281  0.7887   68.549 1.00
T VAL  282  0.8519   60.467 1.00
T ILE  283  0.8422   64.909 1.00
T LEU  284  0.7568   57.449 1.00
T GLY  285  0.7248   62.957 1.00
T THR  286  0.7533   61.263 1.00
T ARG  287  0.7933   67.536 1.00
T LYS  288  0.8750   56.807 1.00
T THR  289  0.8644   55.280 1.00
T TYR  290  0.9208   48.801 1.00
T ALA  291  0.9349   45.756 1.00
T ILE  292  0.8207   52.415 1.00
T TYR  293  0.8871   53.670 1.00
T ASP  294  0.8670   60.059 1.00
T LEU  295  0.9245   57.224 1.00
T LEU  296  0.8869   62.786 1.00
T ASP  297  0.8341   74.124 1.00
T THR  298  0.7994   80.199 1.00
T ALA  299  0.8120   78.894 1.00
T MET  300  0.7786   82.156 1.00
T ILE  301  0.8388   78.651 1.00
T ASN  302  0.7376   87.508 1.00
T ASN  303  0.8322   98.002 1.00
T SER  304  0.8556   97.242 1.00
T ARG  305  0.6586   85.599 1.00
T ASN  306  0.7804   75.326 1.00
T LEU  307  0.9164   64.755 1.00
T ASN  308  0.8733   64.991 1.00
T ILE  309  0.9426   56.870 1.00
T GLN  310  0.8679   64.224 1.00
T LEU  311  0.9107   65.078 1.00
T LYS  312  0.7863   71.004 1.00
T TRP  313  0.8635   54.045 1.00
T LYS  314  0.7553   67.554 1.00
T ARG  315  0.7961   76.608 1.00
T PRO  316  0.8338   81.984 1.00
T PRO  317  0.7815  102.527 1.00
T GLU  318  0.7408  118.658 1.00
T ASN  319  0.7282  128.486 1.00
T GLU  320  0.6542  115.971 1.00
T ALA  321  0.6662  111.992 1.00
T PRO  322  0.7088  101.450 1.00
T PRO  323  0.8273   90.904 1.00
T VAL  324  0.8470   62.834 1.00
T PRO  325  0.9011   49.947 1.00
T PHE  326  0.9148   45.433 1.00
T LEU  327  0.9433   42.493 1.00
T HIS  328  0.7473   49.156 1.00
T ALA  329  0.8782   48.018 1.00
T GLN  330  0.8654   51.697 1.00
T ARG  331  0.8760   49.580 1.00
T TYR  332  0.6503   57.234 1.00
T VAL  333  0.8696   44.201 1.00
T SER  334  0.7988   56.053 1.00
T GLY  335  0.7518   60.775 1.00
T TYR  336  0.5558   72.153 1.00
T GLY  337  0.7621   60.615 1.00
T LEU  338  0.8282   51.889 1.00
T GLN  339  0.6993   63.876 1.00
T LYS  340  0.7826   50.249 1.00
T GLY  341  0.8648   49.405 1.00
T GLU  342  0.8088   51.703 1.00
T LEU  343  0.8770   52.057 1.00
T SER  344  0.7888   51.210 1.00
T THR  345  0.9132   47.981 1.00
T LEU  346  0.9286   39.648 1.00
T LEU  347  0.9668   38.151 1.00
T TYR  348  0.9030   47.822 1.00
T ASN  349  0.9366   44.106 1.00
T THR  350  0.8902   46.736 1.00
T HIS  351  0.9234   57.725 1.00
T PRO  352  0.8728   61.196 1.00
T TYR  353  0.7872   68.725 1.00
T ARG  354  0.8125   66.944 1.00
T ALA  355  0.9031   51.134 1.00
T PHE  356  0.9446   43.601 1.00
T PRO  357  0.8980   51.496 1.00
T VAL  358  0.9472   44.683 1.00
T LEU  359  0.9175   34.039 1.00
T LEU  360  0.9453   34.736 1.00
T LEU  361  0.9415   35.066 1.00
T ASP  362  0.8781   60.971 1.00
T THR  363  0.8594   56.501 1.00
T VAL  364  0.8877   51.133 1.00
T PRO  365  0.7751   57.013 1.00
T TRP  366  0.5323   80.373 1.00
T TYR  367  0.5552   69.755 1.00
T LEU  368  0.8769   45.905 1.00
T ARG  369  0.8269   53.297 1.00
T LEU  370  0.8874   45.663 1.00
T TYR  371  0.8574   52.758 1.00
T VAL  372  0.8483   53.000 1.00
T HIS  373  0.8739   53.188 1.00
T THR  374  0.8596   49.206 1.00
T LEU  375  0.6641   65.734 1.00
T THR  376  0.8504   55.459 1.00
T ILE  377  0.9163   49.555 1.00
T THR  378  0.8678   56.787 1.00
T SER  379  0.8277   68.093 1.00
T LYS  380  0.7740   70.660 1.00
T GLY  381  0.8520   69.013 1.00
T LYS  382  0.7549   68.923 1.00
T GLU  383  0.7935   66.748 1.00
T ASN  384  0.7902   62.245 1.00
T LYS  385  0.8358   61.196 1.00
T PRO  386  0.9041   53.333 1.00
T SER  387  0.8909   45.908 1.00
T TYR  388  0.9224   49.339 1.00
T ILE  389  0.8617   50.790 1.00
T HIS  390  0.8749   52.011 1.00
T TYR  391  0.8593   48.417 1.00
T GLN  392  0.8511   55.060 1.00
T PRO  393  0.8758   51.333 1.00
T ALA  394  0.7545   65.680 1.00
T GLN  395  0.7619   65.510 1.00
T ASP  396  0.8113   69.289 1.00
T ARG  397  0.7424   71.518 1.00
T LEU  398  0.6840   77.326 1.00
T GLN  399  0.6024   67.734 1.00
T PRO  400  0.6428   72.169 1.00
T HIS  401  0.6704   57.362 1.00
T LEU  402  0.9217   48.347 1.00
T LEU  403  0.9150   46.481 1.00
T GLU  404  0.9137   55.347 1.00
T MET  405  0.9139   52.013 1.00
T LEU  406  0.9176   43.866 1.00
T ILE  407  0.9226   47.060 1.00
T GLN  408  0.7583   61.974 1.00
T LEU  409  0.9353   44.167 1.00
T PRO  410  0.9014   48.110 1.00
T ALA  411  0.8923   48.890 1.00
T ASN  412  0.8571   56.791 1.00
T SER  413  0.9119   54.553 1.00
T VAL  414  0.9078   47.366 1.00
T THR  415  0.9463   44.660 1.00
T LYS  416  0.8690   46.369 1.00
T VAL  417  0.9434   37.149 1.00
T SER  418  0.8717   51.873 1.00
T ILE  419  0.9038   45.412 1.00
T GLN  420  0.8587   50.241 1.00
T PHE  421  0.7942   56.543 1.00
T GLU  422  0.7932   54.393 1.00
T ARG  423  0.8611   49.760 1.00
T ALA  424  0.9060   49.480 1.00
T LEU  425  0.8870   51.540 1.00
T LEU  426  0.8998   48.758 1.00
T LYS  427  0.8709   51.371 1.00
T TRP  428  0.8981   63.170 1.00
T THR  429  0.9025   63.941 1.00
T GLU  430  0.8808   59.798 1.00
T TYR  431  0.8898   51.909 1.00
T THR  432  0.8123   71.660 1.00
T PRO  433  0.6772   78.157 1.00
T ASP  434  0.5905   74.136 1.00
T PRO  435  0.6112   69.984 1.00
T ASN  436  0.7138   63.892 1.00
T HIS  437  0.7884   61.645 1.00
T GLY  438  0.7836   60.362 1.00
T PHE  439  0.7282   58.012 1.00
T TYR  440  0.8742   52.000 1.00
T VAL  441  0.9271   40.306 1.00
T SER  442  0.9014   49.598 1.00
T PRO  443  0.9469   42.903 1.00
T SER  444  0.9324   44.417 1.00
T VAL  445  0.9273   33.121 1.00
T LEU  446  0.9316   41.406 1.00
T SER  447  0.9210   39.688 1.00
T ALA  448  0.9555   44.256 1.00
T LEU  449  0.8821   49.875 1.00
T VAL  450  0.9177   51.784 1.00
T PRO  451  0.8826   51.337 1.00
T SER  452  0.7712   67.493 1.00
T MET  453  0.7606   74.593 1.00
T VAL  454  0.8521   67.257 1.00
T ALA  455  0.8848   70.332 1.00
T ALA  456  0.8588   72.692 1.00
T LYS  457  0.8343   83.464 1.00
T PRO  458  0.8515   83.653 1.00
T VAL  459  0.8393   78.063 1.00
T ASP  460  0.8473   81.194 1.00
T TRP  461  0.8169   64.183 1.00
T GLU  462  0.8446   73.473 1.00
T GLU  463  0.8217   76.981 1.00
T SER  464  0.9051   62.718 1.00
T PRO  465  0.8990   53.681 1.00
T LEU  466  0.8904   45.219 1.00
T PHE  467  0.6564   69.276 1.00
T ASN  468  0.8025   62.786 1.00
T SER  469  0.8758   55.497 1.00
T LEU  470  0.8719   51.144 1.00
T PHE  471  0.8958   52.043 1.00
T PRO  472  0.9018   45.230 1.00
T VAL  473  0.8823   61.371 1.00
T SER  474  0.8476   74.633 1.00
T ASP  475  0.8107   78.115 1.00
T GLY  476  0.8459   76.765 1.00
T SER  477  0.8179   71.827 1.00
T ASN  478  0.8170   64.329 1.00
T TYR  479  0.6461   68.403 1.00
T PHE  480  0.8963   43.541 1.00
T VAL  481  0.9149   36.384 1.00
T ARG  482  0.7821   46.241 1.00
T LEU  483  0.9007   39.645 1.00
T TYR  484  0.8752   38.532 1.00
T THR  485  0.9395   46.151 1.00
T GLU  486  0.9006   58.049 1.00
T PRO  487  0.9550   44.189 1.00
T LEU  488  0.9375   42.386 1.00
T LEU  489  0.8730   52.239 1.00
T VAL  490  0.8962   50.119 1.00
T ASN  491  0.8184   57.255 1.00
T LEU  492  0.9015   41.150 1.00
T PRO  493  0.9276   53.723 1.00
T THR  494  0.8612   59.031 1.00
T PRO  495  0.8800   52.657 1.00
T ASP  496  0.8137   69.990 1.00
T PHE  497  0.8935   64.852 1.00
T SER  498  0.8731   67.763 1.00
T MET  499  0.8816   75.879 1.00
T PRO  500  0.9002   73.613 1.00
T TYR  501  0.7181   85.660 1.00
T ASN  502  0.8303   78.464 1.00
T VAL  503  0.9192   65.407 1.00
T ILE  504  0.8901   72.971 1.00
T CYS  505  0.8709   77.152 1.00
T LEU  506  0.9061   67.177 1.00
T THR  507  0.9018   65.390 1.00
T CYS  508  0.8844   83.988 1.00
T THR  509  0.8685   74.289 1.00
T VAL  510  0.9349   69.913 1.00
T VAL  511  0.8945   77.130 1.00
T ALA  512  0.8677   89.862 1.00
T VAL  513  0.9063   80.536 1.00
T CYS  514  0.9136   82.520 1.00
T TYR  515  0.8808   85.626 1.00
T GLY  516  0.9109   79.737 1.00
T SER  517  0.8782   84.130 1.00
T PHE  518  0.9123   83.935 1.00
T TYR  519  0.8624   87.464 1.00
T ASN  520  0.8099   90.463 1.00
T LEU  521  0.8648   84.521 1.00
T LEU  522  0.9030   77.203 1.00
T THR  523  0.8268   93.917 1.00
T ARG  524  0.7329   96.929 1.00
T THR  525  0.7372  110.797 1.00
T PHE  526  0.7550  102.302 1.00
T HIS  527  0.5572  122.712 1.00
U ALA    2  0.3086  109.136 1.00
U ALA    3  0.6743   93.806 1.00
U PRO    4  0.7738   85.450 1.00
U LEU    5  0.8648   85.450 1.00
U VAL    6  0.8511   80.513 1.00
U LEU    7  0.8199   80.636 1.00
U VAL    8  0.9071   78.110 1.00
U LEU    9  0.8785   75.803 1.00
U VAL   10  0.8966   79.017 1.00
U VAL   11  0.9223   72.286 1.00
U ALA   12  0.9231   70.274 1.00
U VAL   13  0.8603   70.836 1.00
U THR   14  0.8766   73.956 1.00
U VAL   15  0.9206   69.469 1.00
U ARG   16  0.8837   67.721 1.00
U ALA   17  0.8706   69.826 1.00
U ALA   18  0.8698   70.030 1.00
U LEU   19  0.8985   72.540 1.00
U PHE   20  0.6571   81.867 1.00
U ARG   21  0.6586   86.600 1.00
U SER   22  0.7997   76.038 1.00
U SER   23  0.8728   75.675 1.00
U LEU   24  0.8603   76.218 1.00
U ALA   25  0.8634   70.276 1.00
U GLU   26  0.8417   74.347 1.00
U PHE   27  0.7643   72.579 1.00
U ILE   28  0.9111   62.529 1.00
U SER   29  0.8239   72.762 1.00
U GLU   30  0.8089   76.411 1.00
U ARG   31  0.7902   62.979 1.00
U VAL   32  0.8834   65.650 1.00
U GLU   33  0.8799   68.134 1.00
U VAL   34  0.9159   60.419 1.00
U VAL   35  0.8430   64.576 1.00
U SER   36  0.9019   65.960 1.00
U PRO   37  0.8939   59.157 1.00
U LEU   38  0.8929   56.462 1.00
U SER   39  0.8854   60.717 1.00
U SER   40  0.8899   58.117 1.00
U TRP   41  0.7822   62.026 1.00
U LYS   42  0.8582   59.263 1.00
U ARG   43  0.8685   60.692 1.00
U VAL   44  0.9248   54.099 1.00
U VAL   45  0.9198   49.837 1.00
U GLU   46  0.9043   61.764 1.00
U GLY   47  0.9471   61.215 1.00
U LEU   48  0.9037   58.541 1.00
U SER   49  0.8919   61.930 1.00
U LEU   50  0.9271   57.184 1.00
U LEU   51  0.8738   60.390 1.00
U ASP   52  0.8297   71.043 1.00
U LEU   53  0.8681   58.070 1.00
U GLY   54  0.8710   65.817 1.00
U VAL   55  0.8410   62.776 1.00
U SER   56  0.7993   71.888 1.00
U PRO   57  0.8304   69.926 1.00
U TYR   58  0.6549   74.482 1.00
U SER   59  0.7967   66.167 1.00
U GLY   60  0.7536   68.050 1.00
U ALA   61  0.7339   68.436 1.00
U VAL   62  0.8296   65.721 1.00
U PHE   63  0.8768   60.995 1.00
U HIS   64  0.8680   58.670 1.00
U GLU   65  0.8213   69.280 1.00
U THR   66  0.9379   60.861 1.00
U PRO   67  0.9405   58.430 1.00
U LEU   68  0.9119   61.865 1.00
U ILE   69  0.9332   61.278 1.00
U ILE   70  0.9067   66.285 1.00
U TYR   71  0.8299   71.198 1.00
U LEU   72  0.8950   65.416 1.00
U PHE   73  0.6789   75.308 1.00
U HIS   74  0.6637   72.382 1.00
U PHE   75  0.8170   68.375 1.00
U LEU   76  0.8612   67.601 1.00
U ILE   77  0.8124   74.664 1.00
U ASP   78  0.7894   91.510 1.00
U TYR   79  0.6254   90.953 1.00
U ALA   80  0.8520   79.424 1.00
U GLU   81  0.7064   83.059 1.00
U LEU   82  0.7653   76.599 1.00
U VAL   83  0.8701   70.021 1.00
U PHE   84  0.9184   67.416 1.00
U MET   85  0.8404   70.602 1.00
U ILE   86  0.8394   68.483 1.00
U THR   87  0.8901   63.373 1.00
U ASP   88  0.8614   73.141 1.00
U ALA   89  0.8637   66.708 1.00
U LEU   90  0.8653   64.640 1.00
U THR   91  0.9192   62.749 1.00
U ALA   92  0.9392   67.272 1.00
U ILE   93  0.8950   68.135 1.00
U ALA   94  0.9339   64.260 1.00
U LEU   95  0.9456   68.666 1.00
U TYR   96  0.8744   67.392 1.00
U PHE   97  0.8133   67.820 1.00
U ALA   98  0.9445   64.506 1.00
U ILE   99  0.9371   66.219 1.00
U GLN  100  0.8210   69.539 1.00
U ASP  101  0.7663   79.281 1.00
U PHE  102  0.9035   67.980 1.00
U ASN  103  0.8921   76.139 1.00
U LYS  104  0.8425   75.043 1.00
U VAL  105  0.8933   76.286 1.00
U VAL  106  0.9247   72.469 1.00
U PHE  107  0.7946   83.920 1.00
U LYS  108  0.8242   85.169 1.00
U LYS  109  0.8454   85.851 1.00
U GLN  110  0.8756   83.957 1.00
U LYS  111  0.8457   88.267 1.00
U LEU  112  0.8216   93.473 1.00
U LEU  113  0.8656   95.774 1.00
U LEU  114  0.8291   94.801 1.00
U GLU  115  0.8008  103.999 1.00
U LEU  116  0.8276  106.880 1.00
U ASP  117  0.7477  115.059 1.00
U GLN  118  0.7582  110.720 1.00
U TYR  119  0.8188  104.167 1.00
U ALA  120  0.8097  108.978 1.00
U PRO  121  0.8257  107.206 1.00
U ASP  122  0.7694  111.818 1.00
U VAL  123  0.8267  103.686 1.00
U ALA  124  0.8314   99.998 1.00
U GLU  125  0.8184   97.268 1.00
U LEU  126  0.8712   88.770 1.00
U ILE  127  0.8475   92.364 1.00
U ARG  128  0.8258   87.210 1.00
U THR  129  0.8163  102.341 1.00
U PRO  130  0.8501   99.714 1.00
U MET  131  0.7937  110.093 1.00
U GLU  132  0.7689  109.498 1.00
U MET  133  0.8687   92.358 1.00
U ARG  134  0.7256   86.949 1.00
U TYR  135  0.6079   88.123 1.00
U ILE  136  0.8912   74.605 1.00
U PRO  137  0.8989   70.387 1.00
U LEU  138  0.8931   72.066 1.00
U LYS  139  0.8079   73.802 1.00
U VAL  140  0.9414   62.203 1.00
U ALA  141  0.9403   61.146 1.00
U LEU  142  0.8759   72.044 1.00
U PHE  143  0.8556   63.631 1.00
U TYR  144  0.9268   63.953 1.00
U LEU  145  0.9250   62.163 1.00
U LEU  146  0.8121   67.918 1.00
U ASN  147  0.8287   65.041 1.00
U PRO  148  0.8372   67.614 1.00
U TYR  149  0.8901   57.218 1.00
U THR  150  0.9217   60.867 1.00
U ILE  151  0.9319   58.412 1.00
U LEU  152  0.9219   53.203 1.00
U SER  153  0.9065   59.877 1.00
U CYS  154  0.9172   68.230 1.00
U VAL  155  0.9234   58.629 1.00
U ALA  156  0.9154   57.330 1.00
U LYS  157  0.8608   54.246 1.00
U SER  158  0.8902   61.000 1.00
U THR  159  0.8770   59.699 1.00
U CYS  160  0.8416   64.433 1.00
U ALA  161  0.8947   62.026 1.00
U ILE  162  0.9152   53.955 1.00
U ASN  163  0.8908   59.934 1.00
U ASN  164  0.9198   59.747 1.00
U THR  165  0.9282   56.984 1.00
U LEU  166  0.9431   55.301 1.00
U ILE  167  0.9517   49.741 1.00
U ALA  168  0.9662   54.998 1.00
U PHE  169  0.8719   58.797 1.00
U PHE  170  0.9221   59.000 1.00
U ILE  171  0.9503   55.314 1.00
U LEU  172  0.8984   60.281 1.00
U THR  173  0.9126   63.944 1.00
U THR  174  0.9163   63.336 1.00
U ILE  175  0.9110   64.590 1.00
U LYS  176  0.6361   73.823 1.00
U GLY  177  0.8280   67.640 1.00
U SER  178  0.7851   71.535 1.00
U ALA  179  0.8749   68.320 1.00
U PHE  180  0.8395   75.797 1.00
U LEU  181  0.8923   65.230 1.00
U SER  182  0.9126   61.628 1.00
U ALA  183  0.9143   66.386 1.00
U ILE  184  0.8922   63.315 1.00
U PHE  185  0.9040   58.695 1.00
U LEU  186  0.9454   60.103 1.00
U ALA  187  0.9594   59.440 1.00
U LEU  188  0.9369   58.650 1.00
U ALA  189  0.9272   57.290 1.00
U THR  190  0.9323   54.381 1.00
U TYR  191  0.9419   56.725 1.00
U GLN  192  0.9080   57.406 1.00
U SER  193  0.8712   60.815 1.00
U LEU  194  0.8899   59.041 1.00
U TYR  195  0.9155   51.920 1.00
U PRO  196  0.9453   50.317 1.00
U LEU  197  0.8929   63.484 1.00
U THR  198  0.9271   63.951 1.00
U LEU  199  0.9324   58.039 1.00
U PHE  200  0.8820   67.983 1.00
U VAL  201  0.9241   66.957 1.00
U PRO  202  0.9236   70.029 1.00
U GLY  203  0.9290   71.345 1.00
U LEU  204  0.8990   66.744 1.00
U LEU  205  0.9182   63.321 1.00
U TYR  206  0.9099   68.405 1.00
U LEU  207  0.9149   69.733 1.00
U LEU  208  0.8866   71.875 1.00
U GLN  209  0.8107   75.631 1.00
U ARG  210  0.7991   76.003 1.00
U GLN  211  0.8536   82.652 1.00
U TYR  212  0.7563   88.905 1.00
U ILE  213  0.8388   81.602 1.00
U PRO  214  0.8565   89.619 1.00
U VAL  215  0.8396   87.960 1.00
U LYS  216  0.7654   97.450 1.00
U MET  217  0.7982   97.629 1.00
U LYS  218  0.6592   98.990 1.00
U SER  219  0.8388   94.177 1.00
U LYS  220  0.7113   89.417 1.00
U ALA  221  0.8848   79.240 1.00
U PHE  222  0.8854   80.374 1.00
U TRP  223  0.8078   80.851 1.00
U ILE  224  0.8588   81.967 1.00
U PHE  225  0.8866   87.385 1.00
U SER  226  0.8805   79.558 1.00
U TRP  227  0.7019   84.781 1.00
U GLU  228  0.7949   85.482 1.00
U TYR  229  0.9191   76.115 1.00
U ALA  230  0.9052   72.804 1.00
U MET  231  0.7438   82.695 1.00
U MET  232  0.8676   79.392 1.00
U TYR  233  0.9262   71.023 1.00
U VAL  234  0.8900   75.486 1.00
U GLY  235  0.9008   76.080 1.00
U SER  236  0.9039   74.208 1.00
U LEU  237  0.9186   74.494 1.00
U VAL  238  0.8947   69.806 1.00
U VAL  239  0.9017   70.693 1.00
U ILE  240  0.9245   70.176 1.00
U ILE  241  0.8791   69.235 1.00
U CYS  242  0.8098   78.923 1.00
U LEU  243  0.8675   78.416 1.00
U SER  244  0.9069   77.222 1.00
U PHE  245  0.8090   74.259 1.00
U PHE  246  0.7570   83.591 1.00
U LEU  247  0.8575   78.188 1.00
U LEU  248  0.7946   80.567 1.00
U SER  249  0.7565   86.307 1.00
U SER  250  0.7569   72.518 1.00
U TRP  251  0.7949   71.542 1.00
U ASP  252  0.7174   73.465 1.00
U PHE  253  0.8740   65.102 1.00
U ILE  254  0.9259   59.354 1.00
U PRO  255  0.8700   57.016 1.00
U ALA  256  0.8831   57.940 1.00
U VAL  257  0.9379   55.566 1.00
U TYR  258  0.9129   54.376 1.00
U GLY  259  0.9020   54.358 1.00
U PHE  260  0.9000   54.074 1.00
U ILE  261  0.9396   49.390 1.00
U LEU  262  0.8674   52.186 1.00
U SER  263  0.6928   60.370 1.00
U VAL  264  0.8314   59.501 1.00
U PRO  265  0.8200   65.637 1.00
U ASP  266  0.8252   62.720 1.00
U LEU  267  0.8636   58.734 1.00
U THR  268  0.8756   60.773 1.00
U PRO  269  0.9181   48.734 1.00
U ASN  270  0.9134   51.537 1.00
U ILE  271  0.8999   52.550 1.00
U GLY  272  0.9079   51.758 1.00
U LEU  273  0.8867   56.570 1.00
U PHE  274  0.8921   55.463 1.00
U TRP  275  0.9334   52.818 1.00
U TYR  276  0.9365   60.472 1.00
U PHE  277  0.8923   57.729 1.00
U PHE  278  0.8351   64.240 1.00
U ALA  279  0.9414   50.024 1.00
U GLU  280  0.9089   62.297 1.00
U MET  281  0.8274   67.423 1.00
U PHE  282  0.8583   72.753 1.00
U GLU  283  0.7852   87.697 1.00
U HIS  284  0.7803   89.554 1.00
U PHE  285  0.8714   81.125 1.00
U SER  286  0.8388   70.537 1.00
U LEU  287  0.8371   64.316 1.00
U PHE  288  0.8701   72.786 1.00
U PHE  289  0.8961   67.831 1.00
U VAL  290  0.8200   68.360 1.00
U CYS  291  0.8893   74.677 1.00
U VAL  292  0.9005   71.860 1.00
U PHE  293  0.8778   68.459 1.00
U GLN  294  0.6777   75.800 1.00
U ILE  295  0.8034   72.249 1.00
U ASN  296  0.8679   70.697 1.00
U VAL  297  0.9259   66.704 1.00
U PHE  298  0.8306   74.866 1.00
U PHE  299  0.6212   85.365 1.00
U TYR  300  0.8396   75.637 1.00
U THR  301  0.8938   75.337 1.00
U ILE  302  0.8602   79.799 1.00
U PRO  303  0.9107   73.874 1.00
U LEU  304  0.9408   67.066 1.00
U ALA  305  0.8848   74.542 1.00
U ILE  306  0.8636   77.684 1.00
U LYS  307  0.8717   72.431 1.00
U LEU  308  0.9199   72.561 1.00
U LYS  309  0.7769   75.393 1.00
U GLU  310  0.8868   81.244 1.00
U HIS  311  0.8623   71.127 1.00
U PRO  312  0.9111   65.867 1.00
U ILE  313  0.9083   65.331 1.00
U PHE  314  0.9219   65.205 1.00
U PHE  315  0.9030   68.927 1.00
U MET  316  0.9196   69.374 1.00
U PHE  317  0.9136   59.907 1.00
U ILE  318  0.9504   57.834 1.00
U GLN  319  0.9399   63.371 1.00
U ILE  320  0.9292   57.334 1.00
U ALA  321  0.9393   47.452 1.00
U VAL  322  0.9350   52.000 1.00
U ILE  323  0.9241   52.114 1.00
U ALA  324  0.9360   52.180 1.00
U ILE  325  0.9235   50.689 1.00
U PHE  326  0.9339   59.295 1.00
U LYS  327  0.8791   48.232 1.00
U SER  328  0.9194   48.340 1.00
U TYR  329  0.9127   53.093 1.00
U PRO  330  0.9027   54.351 1.00
U THR  331  0.8275   64.659 1.00
U VAL  332  0.8619   61.530 1.00
U GLY  333  0.8944   68.493 1.00
U ASP  334  0.8528   69.494 1.00
U VAL  335  0.9031   63.783 1.00
U ALA  336  0.9386   61.678 1.00
U LEU  337  0.9095   58.401 1.00
U TYR  338  0.7685   75.226 1.00
U MET  339  0.8592   69.514 1.00
U ALA  340  0.9481   63.296 1.00
U PHE  341  0.9167   67.417 1.00
U PHE  342  0.8450   65.295 1.00
U PRO  343  0.9318   65.783 1.00
U VAL  344  0.9392   57.434 1.00
U TRP  345  0.9146   65.626 1.00
U ASN  346  0.7567   73.748 1.00
U HIS  347  0.8989   68.461 1.00
U LEU  348  0.9343   64.369 1.00
U TYR  349  0.8428   80.470 1.00
U ARG  350  0.8530   77.753 1.00
U PHE  351  0.8806   76.025 1.00
U LEU  352  0.8269   77.981 1.00
U ARG  353  0.6213   81.969 1.00
U ASN  354  0.7761   79.234 1.00
U ILE  355  0.8978   76.841 1.00
U PHE  356  0.8190   80.600 1.00
U VAL  357  0.8765   67.950 1.00
U LEU  358  0.9045   72.706 1.00
U THR  359  0.8879   70.417 1.00
U CYS  360  0.8973   70.127 1.00
U ILE  361  0.8928   63.703 1.00
U ILE  362  0.8900   61.179 1.00
U ILE  363  0.9038   62.349 1.00
U VAL  364  0.9072   66.344 1.00
U CYS  365  0.9185   68.078 1.00
U SER  366  0.8820   65.473 1.00
U LEU  367  0.8424   70.494 1.00
U LEU  368  0.9130   63.835 1.00
U PHE  369  0.9019   59.219 1.00
U PRO  370  0.8256   57.653 1.00
U VAL  371  0.8511   59.704 1.00
U LEU  372  0.8950   44.896 1.00
U TRP  373  0.9171   47.886 1.00
U HIS  374  0.8578   54.097 1.00
U LEU  375  0.9157   51.614 1.00
U TRP  376  0.9236   50.948 1.00
U ILE  377  0.9199   48.550 1.00
U TYR  378  0.8262   54.747 1.00
U ALA  379  0.8968   58.230 1.00
U GLY  380  0.8295   59.462 1.00
U SER  381  0.8235   51.925 1.00
U ALA  382  0.9025   56.966 1.00
U ASN  383  0.8206   66.581 1.00
U SER  384  0.9156   64.077 1.00
U ASN  385  0.8702   64.740 1.00
U PHE  386  0.6967   72.286 1.00
U PHE  387  0.9222   55.219 1.00
U TYR  388  0.8998   57.530 1.00
U ALA  389  0.9076   56.782 1.00
U ILE  390  0.9075   55.880 1.00
U THR  391  0.9366   53.119 1.00
U LEU  392  0.9199   58.962 1.00
U THR  393  0.9072   55.064 1.00
U PHE  394  0.9290   56.767 1.00
U ASN  395  0.9274   57.637 1.00
U VAL  396  0.9455   59.259 1.00
U GLY  397  0.9314   63.325 1.00
U GLN  398  0.8704   63.822 1.00
U ILE  399  0.9307   57.475 1.00
U LEU  400  0.9144   60.049 1.00
U LEU  401  0.9265   66.566 1.00
U ILE  402  0.8951   63.989 1.00
U SER  403  0.8483   72.298 1.00
U ASP  404  0.8645   80.269 1.00
U TYR  405  0.9027   68.508 1.00
U PHE  406  0.9266   68.092 1.00
U TYR  407  0.6541   80.879 1.00
U ALA  408  0.9221   70.382 1.00
U PHE  409  0.8794   70.369 1.00
U LEU  410  0.9120   75.684 1.00
U ARG  411  0.8071   79.711 1.00
U ARG  412  0.8722   76.179 1.00
U GLU  413  0.8757   80.994 1.00
U TYR  414  0.8597   88.722 1.00
U TYR  415  0.8572   86.379 1.00
U LEU  416  0.9067   88.663 1.00
U THR  417  0.8557   98.531 1.00
U HIS  418  0.7187  105.337 1.00
U GLY  419  0.6961  102.433 1.00
U LEU  420  0.5707  102.715 1.00
