A TYR    2  0.6299  117.280 1.00
A THR    3  0.6208  114.000 1.00
A ARG    4  0.7417  101.570 1.00
A TYR    5  0.7652   95.500 1.00
A VAL    6  0.8391  101.490 1.00
A ASP    7  0.7552   98.520 1.00
A ASN    8  0.7266   95.730 1.00
A ASN    9  0.7210  107.210 1.00
A PHE   10  0.5636  116.080 1.00
A CYS   11  0.7319  110.020 1.00
A GLY   12  0.7892  104.250 1.00
A PRO   13  0.7150  105.500 1.00
A ASP   14  0.7406   99.070 1.00
A GLY   15  0.7450   96.540 1.00
A TYR   16  0.6232  106.330 1.00
A PRO   17  0.6539  103.950 1.00
A LEU   18  0.7478  108.480 1.00
A GLU   19  0.8776  119.590 1.00
A CYS   20  0.8122  120.320 1.00
A ILE   21  0.8265  118.530 1.00
A LYS   22  0.8801  117.820 1.00
A ASP   23  0.8661  124.820 1.00
A LEU   24  0.7959  121.320 1.00
A LEU   25  0.8414  120.660 1.00
A ALA   26  0.9072  122.210 1.00
A ARG   27  0.8277  122.550 1.00
A ALA   28  0.8172  123.250 1.00
A GLY   29  0.8669  122.120 1.00
A LYS   30  0.7853  122.550 1.00
A ALA   31  0.7504  122.610 1.00
A SER   32  0.8599  124.010 1.00
A CYS   33  0.7130  127.220 1.00
A THR   34  0.8418  124.540 1.00
A LEU   35  0.7689  117.010 1.00
A SER   36  0.8870  124.020 1.00
A GLU   37  0.8650  126.800 1.00
A GLN   38  0.8236  122.240 1.00
A LEU   39  0.8753  121.490 1.00
A ASP   40  0.9045  129.070 1.00
A PHE   41  0.8706  126.850 1.00
A ILE   42  0.8136  129.460 1.00
A ASP   43  0.8596  134.980 1.00
A THR   44  0.8760  130.780 1.00
A LYS   45  0.7589  131.270 1.00
A ARG   46  0.5498  146.050 1.00
A GLY   47  0.3527  146.920 1.00
A VAL   48  0.6350  141.480 1.00
A TYR   49  0.5050  131.450 1.00
A CYS   50  0.5979  134.820 1.00
A CYS   51  0.8147  138.670 1.00
A ARG   52  0.4852  133.390 1.00
A GLU   53  0.8485  133.270 1.00
A HIS   54  0.7141  126.010 1.00
A GLU   55  0.7718  117.230 1.00
A HIS   56  0.7337  109.640 1.00
A GLU   57  0.7260  100.390 1.00
A ILE   58  0.7488   91.920 1.00
A ALA   59  0.7263   88.440 1.00
A TRP   60  0.7606   90.630 1.00
A TYR   61  0.7996   86.660 1.00
A THR   62  0.8034   86.220 1.00
A GLU   63  0.8564   86.890 1.00
A ARG   64  0.8123   89.320 1.00
A SER   65  0.8487   94.290 1.00
A GLU   66  0.8524  103.470 1.00
A LYS   67  0.8435  102.420 1.00
A SER   68  0.8369  109.180 1.00
A TYR   69  0.7394  110.660 1.00
A GLU   70  0.8283  111.250 1.00
A LEU   71  0.8631  105.180 1.00
A GLN   72  0.8050   97.240 1.00
A THR   73  0.8571   89.110 1.00
A PRO   74  0.8516   87.230 1.00
A PHE   75  0.8430   84.560 1.00
A GLU   76  0.8855   86.020 1.00
A ILE   77  0.8986   76.820 1.00
A LYS   78  0.9083   80.230 1.00
A LEU   79  0.8737   78.230 1.00
A ALA   80  0.8895   72.510 1.00
A LYS   81  0.8221   79.380 1.00
A LYS   82  0.8494   82.170 1.00
A PHE   83  0.8311   90.930 1.00
A ASP   84  0.8411   96.710 1.00
A THR   85  0.8111   97.020 1.00
A PHE   86  0.6920  103.820 1.00
A ASN   87  0.7016  105.680 1.00
A GLY   88  0.6943  107.520 1.00
A GLU   89  0.7849  109.320 1.00
A CYS   90  0.7667  101.840 1.00
A PRO   91  0.8096   92.040 1.00
A ASN   92  0.8407   87.400 1.00
A PHE   93  0.6413   83.610 1.00
A VAL   94  0.7488   74.560 1.00
A PHE   95  0.8028   70.340 1.00
A PRO   96  0.8791   72.110 1.00
A LEU   97  0.8440   78.150 1.00
A ASN   98  0.8570   71.900 1.00
A SER   99  0.8830   68.620 1.00
A ILE  100  0.8834   68.450 1.00
A ILE  101  0.8555   68.530 1.00
A LYS  102  0.8508   74.050 1.00
A THR  103  0.8182   85.540 1.00
A ILE  104  0.8394   94.070 1.00
A GLN  105  0.8678  106.020 1.00
A PRO  106  0.7364  116.300 1.00
A ARG  107  0.7020  126.430 1.00
A VAL  108  0.7727  138.170 1.00
A GLU  109  0.6018  141.800 1.00
A LYS  110  0.6936  146.400 1.00
A LYS  111  0.6805  144.810 1.00
A LYS  112  0.6892  138.500 1.00
A LEU  113  0.6472  132.940 1.00
A ASP  114  0.6538  135.850 1.00
A GLY  115  0.5502  127.490 1.00
A PHE  116  0.5949  125.540 1.00
A MET  117  0.6807  131.880 1.00
A GLY  118  0.5746  124.860 1.00
A ARG  119  0.7162  119.330 1.00
A ILE  120  0.7353  114.860 1.00
A ARG  121  0.7437  122.240 1.00
A SER  122  0.7392  119.480 1.00
A VAL  123  0.7428  111.780 1.00
A TYR  124  0.6760  111.360 1.00
A PRO  125  0.7142  110.610 1.00
A VAL  126  0.5793  110.220 1.00
A ALA  127  0.6945  111.150 1.00
A SER  128  0.7634  112.680 1.00
A PRO  129  0.7353  107.230 1.00
A ASN  130  0.8124  108.970 1.00
A GLU  131  0.8221  107.400 1.00
A CYS  132  0.7724  101.290 1.00
A ASN  133  0.8573   86.930 1.00
A GLN  134  0.7794   77.470 1.00
A MET  135  0.8455   73.970 1.00
A CYS  136  0.8873   70.810 1.00
A LEU  137  0.8402   72.060 1.00
A SER  138  0.8743   68.020 1.00
A THR  139  0.8805   65.980 1.00
A LEU  140  0.8615   67.620 1.00
A MET  141  0.8728   69.860 1.00
A LYS  142  0.8964   75.560 1.00
A CYS  143  0.7773   75.790 1.00
A ASP  144  0.8802   81.820 1.00
A HIS  145  0.8431   77.470 1.00
A CYS  146  0.8637   80.570 1.00
A GLY  147  0.9211   78.050 1.00
A GLU  148  0.8822   77.130 1.00
A THR  149  0.9139   71.600 1.00
A SER  150  0.9093   67.500 1.00
A TRP  151  0.8663   62.710 1.00
A GLN  152  0.8694   64.860 1.00
A THR  153  0.8479   71.900 1.00
A GLY  154  0.8396   73.540 1.00
A ASP  155  0.7847   86.460 1.00
A PHE  156  0.6214   92.800 1.00
A VAL  157  0.7959   85.410 1.00
A LYS  158  0.8063   78.320 1.00
A ALA  159  0.8850   70.170 1.00
A THR  160  0.8886   65.100 1.00
A CYS  161  0.8446   67.490 1.00
A GLU  162  0.8976   62.640 1.00
A PHE  163  0.8671   61.990 1.00
A CYS  164  0.8519   67.030 1.00
A GLY  165  0.8979   60.580 1.00
A THR  166  0.8329   68.190 1.00
A GLU  167  0.8449   71.260 1.00
A ASN  168  0.8132   68.860 1.00
A LEU  169  0.8477   75.330 1.00
A THR  170  0.8286   76.400 1.00
A LYS  171  0.8404   74.070 1.00
A GLU  172  0.8282   77.550 1.00
A GLY  173  0.8281   69.840 1.00
A ALA  174  0.8675   69.790 1.00
A THR  175  0.8340   68.430 1.00
A THR  176  0.8868   67.250 1.00
A CYS  177  0.8546   66.960 1.00
A GLY  178  0.9107   63.150 1.00
A TYR  179  0.6958   59.690 1.00
A LEU  180  0.8745   60.520 1.00
A PRO  181  0.8616   71.700 1.00
A GLN  182  0.9133   87.540 1.00
A ASN  183  0.6672   97.570 1.00
A ALA  184  0.8650   87.870 1.00
A VAL  185  0.8243   85.970 1.00
A VAL  186  0.8484   86.670 1.00
A LYS  187  0.7805   87.650 1.00
A ILE  188  0.8509   89.630 1.00
A TYR  189  0.8458   99.340 1.00
A CYS  190  0.7458  105.440 1.00
A PRO  191  0.8462  104.930 1.00
A ALA  192  0.5977  118.200 1.00
A CYS  193  0.6713  115.470 1.00
A HIS  194  0.8222  113.430 1.00
A ASN  195  0.8473  120.780 1.00
A SER  196  0.8223  124.460 1.00
A GLU  197  0.8125  124.930 1.00
A VAL  198  0.7668  123.360 1.00
A GLY  199  0.6961  124.890 1.00
A PRO  200  0.7083  123.050 1.00
A GLU  201  0.7561  118.800 1.00
A HIS  202  0.6472  113.860 1.00
A SER  203  0.8551  121.270 1.00
A LEU  204  0.8377  116.050 1.00
A ALA  205  0.8376  119.630 1.00
A GLU  206  0.7592  123.770 1.00
A TYR  207  0.5768  115.200 1.00
A HIS  208  0.7399  116.090 1.00
A ASN  209  0.8168  122.660 1.00
A GLU  210  0.7314  121.210 1.00
A SER  211  0.7954  110.160 1.00
A GLY  212  0.8444  112.670 1.00
A LEU  213  0.6886  112.490 1.00
A LYS  214  0.8288  116.570 1.00
A THR  215  0.8082  116.020 1.00
A ILE  216  0.8323  115.040 1.00
A LEU  217  0.8763  110.480 1.00
A ARG  218  0.6278  107.910 1.00
A LYS  219  0.8129  110.870 1.00
A GLY  220  0.7672  106.020 1.00
A GLY  221  0.7556  109.960 1.00
A ARG  222  0.7161  104.270 1.00
A THR  223  0.8132   95.590 1.00
A ILE  224  0.7985   85.940 1.00
A ALA  225  0.8487   84.610 1.00
A PHE  226  0.8317   74.480 1.00
A GLY  227  0.8553   66.690 1.00
A GLY  228  0.8693   72.000 1.00
A CYS  229  0.8684   73.780 1.00
A VAL  230  0.9051   75.950 1.00
A PHE  231  0.8265   86.700 1.00
A SER  232  0.7479   97.870 1.00
A TYR  233  0.4973  113.370 1.00
A VAL  234  0.6837  106.390 1.00
A GLY  235  0.5497  111.110 1.00
A CYS  236  0.6090  112.900 1.00
A HIS  237  0.7010  111.570 1.00
A ASN  238  0.7602   97.870 1.00
A LYS  239  0.8095  101.940 1.00
A CYS  240  0.7985  100.830 1.00
A ALA  241  0.8113   98.230 1.00
A TYR  242  0.7420   97.430 1.00
A TRP  243  0.8493   91.360 1.00
A VAL  244  0.8929   82.750 1.00
A PRO  245  0.9026   77.960 1.00
A ARG  246  0.8216   82.170 1.00
A ALA  247  0.8880   75.820 1.00
A SER  248  0.9115   70.330 1.00
A ALA  249  0.9280   63.770 1.00
A ASN  250  0.8974   67.580 1.00
A ILE  251  0.8819   60.180 1.00
A GLY  252  0.8863   64.610 1.00
A CYS  253  0.7614   61.920 1.00
A ASN  254  0.8607   61.920 1.00
A HIS  255  0.8655   60.530 1.00
A THR  256  0.9133   66.060 1.00
A GLY  257  0.9002   62.910 1.00
A VAL  258  0.8695   64.390 1.00
A VAL  259  0.8440   67.160 1.00
A GLY  260  0.8092   74.540 1.00
A GLU  261  0.8602   76.620 1.00
A GLY  262  0.8972   73.410 1.00
A SER  263  0.7990   76.330 1.00
A GLU  264  0.7789   87.260 1.00
A GLY  265  0.8659   80.180 1.00
A LEU  266  0.8187   74.740 1.00
A ASN  267  0.8850   72.980 1.00
A ASP  268  0.8421   76.100 1.00
A ASN  269  0.8602   74.120 1.00
A LEU  270  0.9165   67.870 1.00
A LEU  271  0.8796   69.040 1.00
A GLU  272  0.8664   72.000 1.00
A ILE  273  0.8644   63.950 1.00
A LEU  274  0.8644   63.710 1.00
A GLN  275  0.8747   68.660 1.00
A LYS  276  0.8190   82.890 1.00
A GLU  277  0.8528   89.840 1.00
A LYS  278  0.8438   84.120 1.00
A VAL  279  0.8679   75.060 1.00
A ASN  280  0.8716   74.410 1.00
A ILE  281  0.9226   72.060 1.00
A ASN  282  0.8635   74.950 1.00
A ILE  283  0.8687   73.380 1.00
A VAL  284  0.8309   73.780 1.00
A GLY  285  0.8220   81.710 1.00
A ASP  286  0.8561   85.920 1.00
A PHE  287  0.8188   77.910 1.00
A LYS  288  0.8685   74.080 1.00
A LEU  289  0.9173   69.050 1.00
A ASN  290  0.9133   66.790 1.00
A GLU  291  0.8647   66.150 1.00
A GLU  292  0.8320   60.450 1.00
A ILE  293  0.9337   65.320 1.00
A ALA  294  0.9439   58.360 1.00
A ILE  295  0.9289   56.210 1.00
A ILE  296  0.9308   58.630 1.00
A LEU  297  0.9162   58.000 1.00
A ALA  298  0.9063   62.780 1.00
A SER  299  0.8692   63.800 1.00
A PHE  300  0.8527   64.620 1.00
A SER  301  0.7806   70.390 1.00
A ALA  302  0.7732   73.680 1.00
A SER  303  0.8438   74.570 1.00
A THR  304  0.8780   71.670 1.00
A SER  305  0.8622   76.950 1.00
A ALA  306  0.9005   77.720 1.00
A PHE  307  0.8647   72.400 1.00
A VAL  308  0.8771   75.230 1.00
A GLU  309  0.8789   81.850 1.00
A THR  310  0.9239   73.920 1.00
A VAL  311  0.8705   71.630 1.00
A LYS  312  0.8537   74.080 1.00
A GLY  313  0.9005   72.400 1.00
A LEU  314  0.8689   67.770 1.00
A ASP  315  0.8692   77.080 1.00
A TYR  316  0.8037   77.360 1.00
A LYS  317  0.8813   83.670 1.00
A ALA  318  0.8969   80.050 1.00
A PHE  319  0.8992   75.290 1.00
A LYS  320  0.8877   79.040 1.00
A GLN  321  0.9154   79.780 1.00
A ILE  322  0.9123   75.700 1.00
A VAL  323  0.8990   75.710 1.00
A GLU  324  0.8492   78.410 1.00
A SER  325  0.8802   81.630 1.00
A CYS  326  0.7966   84.890 1.00
A GLY  327  0.8157   82.110 1.00
A ASN  328  0.7918   77.670 1.00
A PHE  329  0.8360   74.690 1.00
A LYS  330  0.8636   74.880 1.00
A VAL  331  0.8600   69.460 1.00
A THR  332  0.8780   72.630 1.00
A LYS  333  0.8157   72.500 1.00
A GLY  334  0.8727   69.560 1.00
A LYS  335  0.8655   74.660 1.00
A ALA  336  0.8759   72.200 1.00
A LYS  337  0.8439   73.070 1.00
A LYS  338  0.8464   73.870 1.00
A GLY  339  0.8157   73.140 1.00
A ALA  340  0.8702   68.910 1.00
A TRP  341  0.8678   63.010 1.00
A ASN  342  0.8816   67.320 1.00
A ILE  343  0.8558   63.520 1.00
A GLY  344  0.7862   75.250 1.00
A GLU  345  0.5225   84.630 1.00
A GLN  346  0.6484   82.270 1.00
A LYS  347  0.6634   87.490 1.00
A SER  348  0.7597   78.250 1.00
A ILE  349  0.9028   58.710 1.00
A LEU  350  0.9000   57.040 1.00
A SER  351  0.9200   57.950 1.00
A PRO  352  0.9287   56.750 1.00
A LEU  353  0.8429   59.570 1.00
A TYR  354  0.8691   59.570 1.00
A ALA  355  0.9178   55.570 1.00
A PHE  356  0.8220   54.850 1.00
A ALA  357  0.8665   62.160 1.00
A SER  358  0.8927   63.660 1.00
A GLU  359  0.8616   66.390 1.00
A ALA  360  0.9113   60.350 1.00
A ALA  361  0.8929   63.510 1.00
A ARG  362  0.8211   67.380 1.00
A VAL  363  0.9252   61.680 1.00
A VAL  364  0.9541   55.690 1.00
A ARG  365  0.9177   57.730 1.00
A SER  366  0.9221   59.110 1.00
A ILE  367  0.9496   51.080 1.00
A PHE  368  0.9136   56.910 1.00
A SER  369  0.9149   56.260 1.00
A ARG  370  0.8694   55.940 1.00
A THR  371  0.8546   59.130 1.00
A LEU  372  0.8675   65.590 1.00
A GLU  373  0.8644   76.750 1.00
A THR  374  0.8586   81.120 1.00
A ALA  375  0.8208   84.340 1.00
A GLN  376  0.8430   87.370 1.00
A ASN  377  0.8495   84.060 1.00
A SER  378  0.8872   79.730 1.00
A VAL  379  0.8844   75.860 1.00
A ARG  380  0.8900   78.220 1.00
A VAL  381  0.9070   73.370 1.00
A LEU  382  0.9054   69.250 1.00
A GLN  383  0.9110   68.140 1.00
A LYS  384  0.8976   69.240 1.00
A ALA  385  0.9278   65.810 1.00
A ALA  386  0.9341   64.110 1.00
A ILE  387  0.9022   61.540 1.00
A THR  388  0.9315   60.350 1.00
A ILE  389  0.9168   58.940 1.00
A LEU  390  0.9174   62.370 1.00
A ASP  391  0.8682   64.510 1.00
A GLY  392  0.9327   62.520 1.00
A ILE  393  0.8719   61.430 1.00
A SER  394  0.8826   69.630 1.00
A GLN  395  0.8744   71.850 1.00
A TYR  396  0.8725   70.670 1.00
A SER  397  0.9079   63.490 1.00
A LEU  398  0.8586   66.620 1.00
A ARG  399  0.8852   69.620 1.00
A LEU  400  0.9178   69.960 1.00
A ILE  401  0.9219   66.260 1.00
A ASP  402  0.8895   71.430 1.00
A ALA  403  0.8817   71.570 1.00
A MET  404  0.9044   73.860 1.00
A MET  405  0.8500   73.570 1.00
A PHE  406  0.8612   69.720 1.00
A THR  407  0.8645   71.680 1.00
A SER  408  0.8508   73.100 1.00
A ASP  409  0.8783   71.320 1.00
A LEU  410  0.9214   67.720 1.00
A ALA  411  0.8851   67.880 1.00
A THR  412  0.8926   67.570 1.00
A ASN  413  0.8464   67.310 1.00
A ASN  414  0.9280   64.120 1.00
A LEU  415  0.9051   65.010 1.00
A VAL  416  0.9431   62.590 1.00
A VAL  417  0.9272   65.160 1.00
A MET  418  0.8793   68.800 1.00
A ALA  419  0.9243   65.610 1.00
A TYR  420  0.8833   63.930 1.00
A ILE  421  0.8818   66.600 1.00
A THR  422  0.8879   68.400 1.00
A GLY  423  0.8613   72.350 1.00
A GLY  424  0.8990   71.680 1.00
A VAL  425  0.9089   72.480 1.00
A VAL  426  0.8817   75.960 1.00
A GLN  427  0.9021   78.000 1.00
A LEU  428  0.8868   78.220 1.00
A THR  429  0.9078   80.450 1.00
A SER  430  0.9099   82.340 1.00
A GLN  431  0.9024   85.560 1.00
A TRP  432  0.8684   86.980 1.00
A LEU  433  0.9045   92.390 1.00
A THR  434  0.8501   95.310 1.00
A ASN  435  0.9129   93.260 1.00
A ILE  436  0.8894   98.390 1.00
A PHE  437  0.8223  107.270 1.00
A GLY  438  0.7882  113.660 1.00
A THR  439  0.6643  120.390 1.00
A VAL  440  0.6259  118.200 1.00
A TYR  441  0.6586  120.750 1.00
A GLU  442  0.7403  115.610 1.00
A LYS  443  0.8502  113.160 1.00
A LEU  444  0.8899  110.690 1.00
A LYS  445  0.8152  107.230 1.00
A PRO  446  0.8403  108.820 1.00
A VAL  447  0.8378  105.230 1.00
A LEU  448  0.8683  101.610 1.00
A ASP  449  0.8499  103.020 1.00
A TRP  450  0.8270   92.710 1.00
A LEU  451  0.8660   89.520 1.00
A GLU  452  0.8637   94.050 1.00
A GLU  453  0.8993   94.200 1.00
A LYS  454  0.8656   89.410 1.00
A PHE  455  0.8023   84.750 1.00
A LYS  456  0.8751   86.600 1.00
A GLU  457  0.8276   87.460 1.00
A GLY  458  0.7971   83.340 1.00
A VAL  459  0.7899   79.570 1.00
A GLU  460  0.7934   86.880 1.00
A PHE  461  0.7933   85.750 1.00
A LEU  462  0.8246   76.840 1.00
A ARG  463  0.7958   80.360 1.00
A ASP  464  0.8271   85.570 1.00
A GLY  465  0.8742   84.140 1.00
A TRP  466  0.8705   75.840 1.00
A GLU  467  0.8405   82.220 1.00
A ILE  468  0.8925   80.090 1.00
A VAL  469  0.9028   76.210 1.00
A LYS  470  0.8528   80.640 1.00
A PHE  471  0.8111   85.120 1.00
A ILE  472  0.8687   84.610 1.00
A SER  473  0.8854   86.140 1.00
A THR  474  0.8605   90.610 1.00
A CYS  475  0.8155   98.710 1.00
A ALA  476  0.8784  105.950 1.00
A CYS  477  0.7648  119.750 1.00
A GLU  478  0.7292  148.260 1.00
A ILE  479  0.7520  143.050 1.00
A VAL  480  0.7261  149.370 1.00
A GLY  481  0.7443  146.930 1.00
A GLY  482  0.7562  136.610 1.00
A GLN  483  0.7410  130.170 1.00
A ILE  484  0.6457  121.860 1.00
A VAL  485  0.7609  121.680 1.00
A THR  486  0.6675  124.750 1.00
A CYS  487  0.7183  122.640 1.00
A ALA  488  0.8003  121.750 1.00
A LYS  489  0.8059  124.670 1.00
A GLU  490  0.7624  119.920 1.00
A ILE  491  0.7091  107.630 1.00
A LYS  492  0.8056   99.860 1.00
A GLU  493  0.8637  101.940 1.00
A SER  494  0.8109  100.690 1.00
A VAL  495  0.8283   99.210 1.00
A GLN  496  0.8458  106.030 1.00
A THR  497  0.8550  105.600 1.00
A PHE  498  0.8153  106.510 1.00
A PHE  499  0.6813  116.370 1.00
A LYS  500  0.8370  116.380 1.00
A LEU  501  0.7847  114.060 1.00
A VAL  502  0.7891  118.250 1.00
A ASN  503  0.7145  122.720 1.00
A LYS  504  0.8037  121.660 1.00
A PHE  505  0.7336  120.280 1.00
A LEU  506  0.7297  124.250 1.00
A ALA  507  0.7526  132.550 1.00
A LEU  508  0.7107  135.220 1.00
A CYS  509  0.6156  145.130 1.00
A ALA  510  0.6832  160.440 1.00
A ASP  511  0.6673  172.710 1.00
A SER  512  0.6429  186.740 1.00
A ILE  513  0.7511  199.710 1.00
A ILE  514  0.7168  200.260 1.00
A ILE  515  0.7120  204.240 1.00
A GLY  516  0.4689  211.330 1.00
A GLY  517  0.4886  214.030 1.00
A ALA  518  0.7044  211.370 1.00
A LYS  519  0.6841  206.170 1.00
A LEU  520  0.6902  194.670 1.00
A LYS  521  0.6567  180.330 1.00
A ALA  522  0.5411  169.660 1.00
A LEU  523  0.7075  158.650 1.00
A ASN  524  0.7336  161.100 1.00
A LEU  525  0.5787  154.760 1.00
A GLY  526  0.6608  164.110 1.00
A GLU  527  0.4814  170.430 1.00
A THR  528  0.6729  165.230 1.00
A PHE  529  0.6130  170.450 1.00
A VAL  530  0.6282  172.070 1.00
A THR  531  0.5277  171.510 1.00
A HIS  532  0.5354  178.370 1.00
A SER  533  0.4760  174.300 1.00
A LYS  534  0.7177  171.380 1.00
A GLY  535  0.6275  175.000 1.00
A LEU  536  0.7376  179.380 1.00
A TYR  537  0.6548  184.100 1.00
A ARG  538  0.6634  180.310 1.00
A LYS  539  0.6578  195.890 1.00
A CYS  540  0.5895  216.270 1.00
A VAL  541  0.4553  223.480 1.00
A LYS  542  0.5813  235.150 1.00
A SER  543  0.6628  238.840 1.00
A ARG  544  0.4705  242.090 1.00
A GLU  545  0.7378  244.230 1.00
A GLU  546  0.6780  245.000 1.00
A THR  547  0.5474  246.900 1.00
A GLY  548  0.3248  250.370 1.00
A LEU  549  0.5702  249.300 1.00
A LEU  550  0.5497  247.810 1.00
A MET  551  0.6507  247.650 1.00
A PRO  552  0.3727  245.230 1.00
A LEU  553  0.5843  245.610 1.00
A LYS  554  0.5030  241.110 1.00
A ALA  555  0.4908  240.450 1.00
A PRO  556  0.3693  236.140 1.00
A LYS  557  0.5397  235.750 1.00
A GLU  558  0.6714  234.580 1.00
A ILE  559  0.3792  232.540 1.00
A ILE  560  0.5508  228.390 1.00
A PHE  561  0.5635  217.460 1.00
A LEU  562  0.6399  203.080 1.00
A GLU  563  0.6510  195.040 1.00
A GLY  564  0.4961  199.840 1.00
A GLU  565  0.6151  198.240 1.00
A THR  566  0.6369  205.090 1.00
A LEU  567  0.6882  205.550 1.00
A PRO  568  0.6962  204.620 1.00
A THR  569  0.5443  213.830 1.00
A GLU  570  0.6868  221.750 1.00
A VAL  571  0.4868  223.690 1.00
A LEU  572  0.6612  232.370 1.00
A THR  573  0.6195  240.130 1.00
A GLU  574  0.6591  243.100 1.00
A GLU  575  0.6465  239.180 1.00
A VAL  576  0.6084  241.240 1.00
A VAL  577  0.7011  233.350 1.00
A LEU  578  0.6303  226.010 1.00
A LYS  579  0.7399  216.740 1.00
A THR  580  0.7458  209.990 1.00
A GLY  581  0.5120  216.150 1.00
A ASP  582  0.5989  220.240 1.00
A LEU  583  0.4537  219.010 1.00
A GLN  584  0.5884  218.370 1.00
A PRO  585  0.6899  210.830 1.00
A LEU  586  0.6163  199.670 1.00
A GLU  587  0.6359  188.480 1.00
A GLN  588  0.7412  185.040 1.00
A PRO  589  0.6752  188.850 1.00
A THR  590  0.4151  191.630 1.00
A SER  591  0.6213  195.190 1.00
A GLU  592  0.7542  202.010 1.00
A ALA  593  0.6256  204.810 1.00
A VAL  594  0.4794  210.040 1.00
A GLU  595  0.6671  212.160 1.00
A ALA  596  0.7160  214.250 1.00
A PRO  597  0.7536  216.860 1.00
A LEU  598  0.7162  220.540 1.00
A VAL  599  0.8003  224.750 1.00
A GLY  600  0.6755  225.740 1.00
A THR  601  0.6519  227.340 1.00
A PRO  602  0.5709  225.460 1.00
A VAL  603  0.4541  223.980 1.00
A CYS  604  0.4077  220.980 1.00
A ILE  605  0.2891  215.570 1.00
A ASN  606  0.6248  211.060 1.00
A GLY  607  0.6554  218.730 1.00
A LEU  608  0.6849  218.840 1.00
A MET  609  0.5529  218.770 1.00
A LEU  610  0.3663  222.890 1.00
A LEU  611  0.2891  224.430 1.00
A GLU  612  0.5641  223.030 1.00
A ILE  613  0.6271  224.060 1.00
A LYS  614  0.7882  222.620 1.00
A ASP  615  0.7263  228.240 1.00
A THR  616  0.6759  223.630 1.00
A GLU  617  0.7042  221.940 1.00
A LYS  618  0.7043  220.270 1.00
A TYR  619  0.5781  221.730 1.00
A CYS  620  0.4854  219.770 1.00
A ALA  621  0.4516  211.510 1.00
A LEU  622  0.6598  209.800 1.00
A ALA  623  0.3465  214.110 1.00
A PRO  624  0.5715  213.800 1.00
A ASN  625  0.5964  215.290 1.00
A MET  626  0.5916  221.080 1.00
A MET  627  0.6067  213.590 1.00
A VAL  628  0.5782  207.070 1.00
A THR  629  0.3692  200.380 1.00
A ASN  630  0.4800  194.110 1.00
A ASN  631  0.5946  201.970 1.00
A THR  632  0.6589  209.150 1.00
A PHE  633  0.6907  211.680 1.00
A THR  634  0.7551  218.280 1.00
A LEU  635  0.6676  223.970 1.00
A LYS  636  0.6276  225.320 1.00
A GLY  637  0.4190  224.180 1.00
A GLY  638  0.3415  220.770 1.00
